{"/home/travis/build/npmtest/node-npmtest-devbridge-styleguide/test.js":{"path":"/home/travis/build/npmtest/node-npmtest-devbridge-styleguide/test.js","s":{"1":2,"2":2,"3":2,"4":2,"5":2,"6":2,"7":2,"8":1,"9":2,"10":2,"11":1,"12":1,"13":1,"14":1,"15":2,"16":2,"17":2,"18":2,"19":1,"20":1,"21":2,"22":2,"23":2,"24":1,"25":1,"26":1,"27":1,"28":1,"29":1,"30":1,"31":1,"32":1,"33":1,"34":1,"35":1,"36":1,"37":1,"38":1,"39":2,"40":2,"41":1,"42":2,"43":2,"44":1,"45":2,"46":2,"47":1,"48":2,"49":2,"50":1,"51":1,"52":1,"53":1,"54":1},"b":{"1":[2,1,1,1],"2":[1,1,1,1],"3":[1,1],"4":[1,1],"5":[1,1],"6":[1,1],"7":[1,1],"8":[1,1],"9":[1,1],"10":[1,1,1],"11":[1,1],"12":[1,1],"13":[1,1],"14":[1,1],"15":[1,1],"16":[1,1],"17":[1,1]},"f":{"1":2,"2":2,"3":2,"4":2,"5":2,"6":1,"7":1,"8":1,"9":2,"10":2,"11":2,"12":2,"13":1},"fnMap":{"1":{"name":"(anonymous_1)","line":12,"loc":{"start":{"line":12,"column":1},"end":{"line":12,"column":13}}},"2":{"name":"(anonymous_2)","line":19,"loc":{"start":{"line":19,"column":5},"end":{"line":19,"column":17}}},"3":{"name":"(anonymous_3)","line":23,"loc":{"start":{"line":23,"column":24},"end":{"line":23,"column":36}}},"4":{"name":"(anonymous_4)","line":61,"loc":{"start":{"line":61,"column":5},"end":{"line":61,"column":17}}},"5":{"name":"(anonymous_5)","line":82,"loc":{"start":{"line":82,"column":5},"end":{"line":82,"column":17}}},"6":{"name":"(anonymous_6)","line":91,"loc":{"start":{"line":91,"column":77},"end":{"line":94,"column":10}}},"7":{"name":"(anonymous_7)","line":112,"loc":{"start":{"line":112,"column":83},"end":{"line":115,"column":10}},"skip":true},"8":{"name":"(anonymous_8)","line":123,"loc":{"start":{"line":123,"column":77},"end":{"line":126,"column":10}},"skip":true},"9":{"name":"(anonymous_9)","line":139,"loc":{"start":{"line":139,"column":12},"end":{"line":139,"column":40}},"skip":true},"10":{"name":"(anonymous_10)","line":147,"loc":{"start":{"line":147,"column":77},"end":{"line":150,"column":10}},"skip":true},"11":{"name":"(anonymous_11)","line":158,"loc":{"start":{"line":158,"column":83},"end":{"line":161,"column":10}},"skip":true},"12":{"name":"(anonymous_12)","line":169,"loc":{"start":{"line":169,"column":79},"end":{"line":172,"column":10}},"skip":true},"13":{"name":"(anonymous_13)","line":180,"loc":{"start":{"line":180,"column":75},"end":{"line":183,"column":10}},"skip":true}},"statementMap":{"1":{"start":{"line":12,"column":0},"end":{"line":195,"column":5}},"2":{"start":{"line":14,"column":4},"end":{"line":14,"column":14}},"3":{"start":{"line":19,"column":4},"end":{"line":56,"column":9}},"4":{"start":{"line":21,"column":8},"end":{"line":21,"column":19}},"5":{"start":{"line":23,"column":8},"end":{"line":35,"column":13}},"6":{"start":{"line":24,"column":12},"end":{"line":34,"column":13}},"7":{"start":{"line":25,"column":16},"end":{"line":28,"column":30}},"8":{"start":{"line":30,"column":16},"end":{"line":33,"column":27}},"9":{"start":{"line":37,"column":8},"end":{"line":39,"column":21}},"10":{"start":{"line":40,"column":8},"end":{"line":53,"column":9}},"11":{"start":{"line":43,"column":12},"end":{"line":46,"column":14}},"12":{"start":{"line":47,"column":12},"end":{"line":47,"column":18}},"13":{"start":{"line":50,"column":12},"end":{"line":51,"column":46}},"14":{"start":{"line":52,"column":12},"end":{"line":52,"column":18}},"15":{"start":{"line":55,"column":8},"end":{"line":55,"column":35}},"16":{"start":{"line":61,"column":4},"end":{"line":63,"column":9}},"17":{"start":{"line":62,"column":8},"end":{"line":62,"column":15}},"18":{"start":{"line":64,"column":4},"end":{"line":77,"column":5}},"19":{"start":{"line":70,"column":8},"end":{"line":70,"column":14}},"20":{"start":{"line":76,"column":8},"end":{"line":76,"column":14}},"21":{"start":{"line":82,"column":4},"end":{"line":84,"column":9}},"22":{"start":{"line":83,"column":8},"end":{"line":83,"column":15}},"23":{"start":{"line":85,"column":4},"end":{"line":194,"column":5}},"24":{"start":{"line":91,"column":8},"end":{"line":99,"column":10}},"25":{"start":{"line":98,"column":12},"end":{"line":98,"column":35}},"26":{"start":{"line":102,"column":8},"end":{"line":104,"column":63}},"27":{"start":{"line":105,"column":8},"end":{"line":105,"column":14}},"28":{"start":{"line":112,"column":8},"end":{"line":121,"column":10},"skip":true},"29":{"start":{"line":119,"column":12},"end":{"line":119,"column":55},"skip":true},"30":{"start":{"line":120,"column":12},"end":{"line":120,"column":48},"skip":true},"31":{"start":{"line":123,"column":8},"end":{"line":136,"column":10},"skip":true},"32":{"start":{"line":130,"column":12},"end":{"line":130,"column":76},"skip":true},"33":{"start":{"line":131,"column":12},"end":{"line":131,"column":73},"skip":true},"34":{"start":{"line":132,"column":12},"end":{"line":132,"column":74},"skip":true},"35":{"start":{"line":133,"column":12},"end":{"line":133,"column":79},"skip":true},"36":{"start":{"line":134,"column":12},"end":{"line":134,"column":25},"skip":true},"37":{"start":{"line":135,"column":12},"end":{"line":135,"column":45},"skip":true},"38":{"start":{"line":138,"column":8},"end":{"line":145,"column":14},"skip":true},"39":{"start":{"line":143,"column":16},"end":{"line":143,"column":29},"skip":true},"40":{"start":{"line":144,"column":16},"end":{"line":144,"column":55},"skip":true},"41":{"start":{"line":147,"column":8},"end":{"line":156,"column":10},"skip":true},"42":{"start":{"line":154,"column":12},"end":{"line":154,"column":25},"skip":true},"43":{"start":{"line":155,"column":12},"end":{"line":155,"column":45},"skip":true},"44":{"start":{"line":158,"column":8},"end":{"line":167,"column":10},"skip":true},"45":{"start":{"line":165,"column":12},"end":{"line":165,"column":25},"skip":true},"46":{"start":{"line":166,"column":12},"end":{"line":166,"column":48},"skip":true},"47":{"start":{"line":169,"column":8},"end":{"line":178,"column":10},"skip":true},"48":{"start":{"line":176,"column":12},"end":{"line":176,"column":25},"skip":true},"49":{"start":{"line":177,"column":12},"end":{"line":177,"column":46},"skip":true},"50":{"start":{"line":180,"column":8},"end":{"line":189,"column":10},"skip":true},"51":{"start":{"line":187,"column":12},"end":{"line":187,"column":94},"skip":true},"52":{"start":{"line":188,"column":12},"end":{"line":188,"column":48},"skip":true},"53":{"start":{"line":192,"column":8},"end":{"line":192,"column":35},"skip":true},"54":{"start":{"line":193,"column":8},"end":{"line":193,"column":14},"skip":true}},"branchMap":{"1":{"line":25,"type":"binary-expr","locations":[{"start":{"line":25,"column":23},"end":{"line":25,"column":62}},{"start":{"line":26,"column":20},"end":{"line":26,"column":70}},{"start":{"line":27,"column":20},"end":{"line":27,"column":71}},{"start":{"line":28,"column":20},"end":{"line":28,"column":29}}]},"2":{"line":30,"type":"binary-expr","locations":[{"start":{"line":30,"column":23},"end":{"line":30,"column":37}},{"start":{"line":31,"column":20},"end":{"line":31,"column":61}},{"start":{"line":32,"column":20},"end":{"line":32,"column":70}},{"start":{"line":33,"column":20},"end":{"line":33,"column":26}}]},"3":{"line":37,"type":"cond-expr","locations":[{"start":{"line":38,"column":14},"end":{"line":38,"column":20}},{"start":{"line":39,"column":14},"end":{"line":39,"column":20}}]},"4":{"line":40,"type":"switch","locations":[{"start":{"line":42,"column":8},"end":{"line":47,"column":18}},{"start":{"line":49,"column":8},"end":{"line":52,"column":18}}]},"5":{"line":44,"type":"binary-expr","locations":[{"start":{"line":44,"column":16},"end":{"line":44,"column":44}},{"start":{"line":44,"column":48},"end":{"line":44,"column":66}}]},"6":{"line":50,"type":"binary-expr","locations":[{"start":{"line":50,"column":21},"end":{"line":50,"column":49}},{"start":{"line":50,"column":53},"end":{"line":50,"column":72}}]},"7":{"line":64,"type":"switch","locations":[{"start":{"line":69,"column":4},"end":{"line":70,"column":14}},{"start":{"line":75,"column":4},"end":{"line":76,"column":14}}]},"8":{"line":85,"type":"switch","locations":[{"start":{"line":90,"column":4},"end":{"line":105,"column":14}},{"start":{"line":111,"column":4},"end":{"line":193,"column":14},"skip":true}]},"9":{"line":91,"type":"binary-expr","locations":[{"start":{"line":91,"column":42},"end":{"line":91,"column":73}},{"start":{"line":91,"column":77},"end":{"line":99,"column":9}}]},"10":{"line":102,"type":"binary-expr","locations":[{"start":{"line":102,"column":18},"end":{"line":102,"column":32}},{"start":{"line":103,"column":12},"end":{"line":103,"column":53}},{"start":{"line":104,"column":12},"end":{"line":104,"column":61}}]},"11":{"line":112,"type":"binary-expr","locations":[{"start":{"line":112,"column":45},"end":{"line":112,"column":79},"skip":true},{"start":{"line":112,"column":83},"end":{"line":121,"column":9},"skip":true}]},"12":{"line":123,"type":"binary-expr","locations":[{"start":{"line":123,"column":42},"end":{"line":123,"column":73},"skip":true},{"start":{"line":123,"column":77},"end":{"line":136,"column":9},"skip":true}]},"13":{"line":138,"type":"binary-expr","locations":[{"start":{"line":138,"column":48},"end":{"line":138,"column":85},"skip":true},{"start":{"line":139,"column":12},"end":{"line":145,"column":13},"skip":true}]},"14":{"line":147,"type":"binary-expr","locations":[{"start":{"line":147,"column":42},"end":{"line":147,"column":73},"skip":true},{"start":{"line":147,"column":77},"end":{"line":156,"column":9},"skip":true}]},"15":{"line":158,"type":"binary-expr","locations":[{"start":{"line":158,"column":45},"end":{"line":158,"column":79},"skip":true},{"start":{"line":158,"column":83},"end":{"line":167,"column":9},"skip":true}]},"16":{"line":169,"type":"binary-expr","locations":[{"start":{"line":169,"column":43},"end":{"line":169,"column":75},"skip":true},{"start":{"line":169,"column":79},"end":{"line":178,"column":9},"skip":true}]},"17":{"line":180,"type":"binary-expr","locations":[{"start":{"line":180,"column":41},"end":{"line":180,"column":71},"skip":true},{"start":{"line":180,"column":75},"end":{"line":189,"column":9},"skip":true}]}},"code":["/* istanbul instrument in package npmtest_devbridge_styleguide */","/*jslint","    bitwise: true,","    browser: true,","    maxerr: 8,","    maxlen: 96,","    node: true,","    nomen: true,","    regexp: true,","    stupid: true","*/","(function () {","    'use strict';","    var local;","","","","    // run shared js-env code - pre-init","    (function () {","        // init local","        local = {};","        // init modeJs","        local.modeJs = (function () {","            try {","                return typeof navigator.userAgent === 'string' &&","                    typeof document.querySelector('body') === 'object' &&","                    typeof XMLHttpRequest.prototype.open === 'function' &&","                    'browser';","            } catch (errorCaughtBrowser) {","                return module.exports &&","                    typeof process.versions.node === 'string' &&","                    typeof require('http').createServer === 'function' &&","                    'node';","            }","        }());","        // init global","        local.global = local.modeJs === 'browser'","            ? window","            : global;","        switch (local.modeJs) {","        // re-init local from window.local","        case 'browser':","            local = local.global.utility2.objectSetDefault(","                local.global.utility2_rollup || local.global.local,","                local.global.utility2","            );","            break;","        // re-init local from example.js","        case 'node':","            local = (local.global.utility2_rollup || require('utility2'))","                .requireExampleJsFromReadme();","            break;","        }","        // export local","        local.global.local = local;","    }());","","","","    // run shared js-env code - function","    (function () {","        return;","    }());","    switch (local.modeJs) {","","","","    // run browser js-env code - function","    case 'browser':","        break;","","","","    // run node js-env code - function","    case 'node':","        break;","    }","","","","    // run shared js-env code - post-init","    (function () {","        return;","    }());","    switch (local.modeJs) {","","","","    // run browser js-env code - post-init","    case 'browser':","        local.testCase_browser_nullCase = local.testCase_browser_nullCase || function (","            options,","            onError","        ) {","        /*","         * this function will test browsers's null-case handling-behavior-behavior","         */","            onError(null, options);","        };","","        // run tests","        local.nop(local.modeTest &&","            document.querySelector('#testRunButton1') &&","            document.querySelector('#testRunButton1').click());","        break;","","","","    // run node js-env code - post-init","    /* istanbul ignore next */","    case 'node':","        local.testCase_buildApidoc_default = local.testCase_buildApidoc_default || function (","            options,","            onError","        ) {","        /*","         * this function will test buildApidoc's default handling-behavior-behavior","         */","            options = { modulePathList: module.paths };","            local.buildApidoc(options, onError);","        };","","        local.testCase_buildApp_default = local.testCase_buildApp_default || function (","            options,","            onError","        ) {","        /*","         * this function will test buildApp's default handling-behavior-behavior","         */","            local.testCase_buildReadme_default(options, local.onErrorThrow);","            local.testCase_buildLib_default(options, local.onErrorThrow);","            local.testCase_buildTest_default(options, local.onErrorThrow);","            local.testCase_buildCustomOrg_default(options, local.onErrorThrow);","            options = [];","            local.buildApp(options, onError);","        };","","        local.testCase_buildCustomOrg_default = local.testCase_buildCustomOrg_default ||","            function (options, onError) {","            /*","             * this function will test buildCustomOrg's default handling-behavior","             */","                options = {};","                local.buildCustomOrg(options, onError);","            };","","        local.testCase_buildLib_default = local.testCase_buildLib_default || function (","            options,","            onError","        ) {","        /*","         * this function will test buildLib's default handling-behavior","         */","            options = {};","            local.buildLib(options, onError);","        };","","        local.testCase_buildReadme_default = local.testCase_buildReadme_default || function (","            options,","            onError","        ) {","        /*","         * this function will test buildReadme's default handling-behavior-behavior","         */","            options = {};","            local.buildReadme(options, onError);","        };","","        local.testCase_buildTest_default = local.testCase_buildTest_default || function (","            options,","            onError","        ) {","        /*","         * this function will test buildTest's default handling-behavior","         */","            options = {};","            local.buildTest(options, onError);","        };","","        local.testCase_webpage_default = local.testCase_webpage_default || function (","            options,","            onError","        ) {","        /*","         * this function will test webpage's default handling-behavior","         */","            options = { modeCoverageMerge: true, url: local.serverLocalHost + '?modeTest=1' };","            local.browserTest(options, onError);","        };","","        // run test-server","        local.testRunServer(local);","        break;","    }","}());",""],"l":{"12":2,"14":2,"19":2,"21":2,"23":2,"24":2,"25":2,"30":1,"37":2,"40":2,"43":1,"47":1,"50":1,"52":1,"55":2,"61":2,"62":2,"64":2,"70":1,"76":1,"82":2,"83":2,"85":2,"91":1,"98":1,"102":1,"105":1,"112":1,"119":1,"120":1,"123":1,"130":1,"131":1,"132":1,"133":1,"134":1,"135":1,"138":1,"143":2,"144":2,"147":1,"154":2,"155":2,"158":1,"165":2,"166":2,"169":1,"176":2,"177":2,"180":1,"187":1,"188":1,"192":1,"193":1}},"/home/travis/build/npmtest/node-npmtest-devbridge-styleguide/lib.npmtest_devbridge_styleguide.js":{"path":"/home/travis/build/npmtest/node-npmtest-devbridge-styleguide/lib.npmtest_devbridge_styleguide.js","s":{"1":2,"2":2,"3":2,"4":2,"5":2,"6":2,"7":2,"8":1,"9":2,"10":2,"11":2,"12":2,"13":1,"14":1,"15":1,"16":1},"b":{"1":[2,1,1,1],"2":[1,1,1,1],"3":[1,1],"4":[2,2],"5":[1,1]},"f":{"1":2,"2":2,"3":2},"fnMap":{"1":{"name":"(anonymous_1)","line":12,"loc":{"start":{"line":12,"column":1},"end":{"line":12,"column":13}}},"2":{"name":"(anonymous_2)","line":19,"loc":{"start":{"line":19,"column":5},"end":{"line":19,"column":17}}},"3":{"name":"(anonymous_3)","line":23,"loc":{"start":{"line":23,"column":24},"end":{"line":23,"column":36}}}},"statementMap":{"1":{"start":{"line":12,"column":0},"end":{"line":53,"column":5}},"2":{"start":{"line":14,"column":4},"end":{"line":14,"column":14}},"3":{"start":{"line":19,"column":4},"end":{"line":52,"column":9}},"4":{"start":{"line":21,"column":8},"end":{"line":21,"column":19}},"5":{"start":{"line":23,"column":8},"end":{"line":35,"column":13}},"6":{"start":{"line":24,"column":12},"end":{"line":34,"column":13}},"7":{"start":{"line":25,"column":16},"end":{"line":28,"column":30}},"8":{"start":{"line":30,"column":16},"end":{"line":33,"column":27}},"9":{"start":{"line":37,"column":8},"end":{"line":39,"column":21}},"10":{"start":{"line":41,"column":8},"end":{"line":41,"column":54}},"11":{"start":{"line":43,"column":8},"end":{"line":43,"column":65}},"12":{"start":{"line":45,"column":8},"end":{"line":51,"column":9}},"13":{"start":{"line":46,"column":12},"end":{"line":46,"column":71}},"14":{"start":{"line":48,"column":12},"end":{"line":48,"column":35}},"15":{"start":{"line":49,"column":12},"end":{"line":49,"column":49}},"16":{"start":{"line":50,"column":12},"end":{"line":50,"column":43}}},"branchMap":{"1":{"line":25,"type":"binary-expr","locations":[{"start":{"line":25,"column":23},"end":{"line":25,"column":62}},{"start":{"line":26,"column":20},"end":{"line":26,"column":70}},{"start":{"line":27,"column":20},"end":{"line":27,"column":71}},{"start":{"line":28,"column":20},"end":{"line":28,"column":29}}]},"2":{"line":30,"type":"binary-expr","locations":[{"start":{"line":30,"column":23},"end":{"line":30,"column":37}},{"start":{"line":31,"column":20},"end":{"line":31,"column":61}},{"start":{"line":32,"column":20},"end":{"line":32,"column":70}},{"start":{"line":33,"column":20},"end":{"line":33,"column":26}}]},"3":{"line":37,"type":"cond-expr","locations":[{"start":{"line":38,"column":14},"end":{"line":38,"column":20}},{"start":{"line":39,"column":14},"end":{"line":39,"column":20}}]},"4":{"line":41,"type":"binary-expr","locations":[{"start":{"line":41,"column":16},"end":{"line":41,"column":44}},{"start":{"line":41,"column":48},"end":{"line":41,"column":53}}]},"5":{"line":45,"type":"if","locations":[{"start":{"line":45,"column":8},"end":{"line":45,"column":8}},{"start":{"line":45,"column":8},"end":{"line":45,"column":8}}]}},"code":["/* istanbul instrument in package npmtest_devbridge_styleguide */","/*jslint","    bitwise: true,","    browser: true,","    maxerr: 8,","    maxlen: 96,","    node: true,","    nomen: true,","    regexp: true,","    stupid: true","*/","(function () {","    'use strict';","    var local;","","","","    // run shared js-env code - pre-init","    (function () {","        // init local","        local = {};","        // init modeJs","        local.modeJs = (function () {","            try {","                return typeof navigator.userAgent === 'string' &&","                    typeof document.querySelector('body') === 'object' &&","                    typeof XMLHttpRequest.prototype.open === 'function' &&","                    'browser';","            } catch (errorCaughtBrowser) {","                return module.exports &&","                    typeof process.versions.node === 'string' &&","                    typeof require('http').createServer === 'function' &&","                    'node';","            }","        }());","        // init global","        local.global = local.modeJs === 'browser'","            ? window","            : global;","        // init utility2_rollup","        local = local.global.utility2_rollup || local;","        // init lib","        local.local = local.npmtest_devbridge_styleguide = local;","        // init exports","        if (local.modeJs === 'browser') {","            local.global.utility2_npmtest_devbridge_styleguide = local;","        } else {","            module.exports = local;","            module.exports.__dirname = __dirname;","            module.exports.module = module;","        }","    }());","}());",""],"l":{"12":2,"14":2,"19":2,"21":2,"23":2,"24":2,"25":2,"30":1,"37":2,"41":2,"43":2,"45":2,"46":1,"48":1,"49":1,"50":1}},"/home/travis/build/npmtest/node-npmtest-devbridge-styleguide/example.js":{"path":"/home/travis/build/npmtest/node-npmtest-devbridge-styleguide/example.js","s":{"1":2,"2":2,"3":2,"4":2,"5":2,"6":2,"7":2,"8":1,"9":2,"10":2,"11":2,"12":2,"13":1,"14":2,"15":2,"16":2,"17":2,"18":2,"19":0,"20":2,"21":1,"22":1,"23":1,"24":1,"25":1,"26":0,"27":0,"28":1,"29":1,"30":2,"31":0,"32":0,"33":0,"34":1,"35":2,"36":2,"37":3,"38":3,"39":3,"40":3,"41":0,"42":3,"43":3,"44":3,"45":1,"46":3,"47":1,"48":1,"49":1,"50":1,"51":1,"52":1,"53":1,"54":1,"55":1,"56":1,"57":0,"58":1,"59":6,"60":6,"61":1,"62":2,"63":0,"64":2,"65":1,"66":1,"67":0,"68":0,"69":0,"70":0,"71":0,"72":0,"73":0,"74":0,"75":0,"76":0,"77":0,"78":0,"79":0,"80":0,"81":0,"82":0,"83":0},"b":{"1":[2,1,1,1],"2":[1,1,1,1],"3":[1,1],"4":[2,2],"5":[1,1],"6":[1,1],"7":[2,0],"8":[2,1,1,1,1,1],"9":[0,2,0],"10":[1,1],"11":[2,1,1],"12":[1,0],"13":[0,2],"14":[2,0,0,0,0,0,0],"15":[0,3],"16":[3,0],"17":[1,1],"18":[0,1],"19":[1,2,0,2],"20":[1,0],"21":[1,1],"22":[0,0],"23":[0,0],"24":[0,0],"25":[0,0],"26":[0,0],"27":[0,0],"28":[0,0]},"f":{"1":2,"2":2,"3":2,"4":2,"5":2,"6":2,"7":3,"8":3,"9":3,"10":1,"11":6,"12":0},"fnMap":{"1":{"name":"(anonymous_1)","line":26,"loc":{"start":{"line":26,"column":1},"end":{"line":26,"column":13}}},"2":{"name":"(anonymous_2)","line":33,"loc":{"start":{"line":33,"column":5},"end":{"line":33,"column":17}}},"3":{"name":"(anonymous_3)","line":37,"loc":{"start":{"line":37,"column":24},"end":{"line":37,"column":36}}},"4":{"name":"(anonymous_4)","line":69,"loc":{"start":{"line":69,"column":31},"end":{"line":69,"column":48}},"skip":true},"5":{"name":"(anonymous_5)","line":78,"loc":{"start":{"line":78,"column":26},"end":{"line":78,"column":45}},"skip":true},"6":{"name":"(anonymous_6)","line":123,"loc":{"start":{"line":123,"column":33},"end":{"line":123,"column":48}},"skip":true},"7":{"name":"(anonymous_7)","line":125,"loc":{"start":{"line":125,"column":27},"end":{"line":125,"column":39}},"skip":true},"8":{"name":"(anonymous_8)","line":133,"loc":{"start":{"line":133,"column":59},"end":{"line":133,"column":74}},"skip":true},"9":{"name":"(anonymous_9)","line":143,"loc":{"start":{"line":143,"column":45},"end":{"line":143,"column":62}},"skip":true},"10":{"name":"(anonymous_10)","line":144,"loc":{"start":{"line":144,"column":73},"end":{"line":144,"column":92}},"skip":true},"11":{"name":"(anonymous_11)","line":272,"loc":{"start":{"line":272,"column":51},"end":{"line":272,"column":77}},"skip":true},"12":{"name":"(anonymous_12)","line":315,"loc":{"start":{"line":315,"column":32},"end":{"line":315,"column":61}},"skip":true}},"statementMap":{"1":{"start":{"line":26,"column":0},"end":{"line":326,"column":5}},"2":{"start":{"line":28,"column":4},"end":{"line":28,"column":14}},"3":{"start":{"line":33,"column":4},"end":{"line":60,"column":9}},"4":{"start":{"line":35,"column":8},"end":{"line":35,"column":19}},"5":{"start":{"line":37,"column":8},"end":{"line":49,"column":13}},"6":{"start":{"line":38,"column":12},"end":{"line":48,"column":13}},"7":{"start":{"line":39,"column":16},"end":{"line":42,"column":30}},"8":{"start":{"line":44,"column":16},"end":{"line":47,"column":27}},"9":{"start":{"line":51,"column":8},"end":{"line":53,"column":21}},"10":{"start":{"line":55,"column":8},"end":{"line":57,"column":45}},"11":{"start":{"line":59,"column":8},"end":{"line":59,"column":35}},"12":{"start":{"line":61,"column":4},"end":{"line":325,"column":5}},"13":{"start":{"line":69,"column":8},"end":{"line":121,"column":10},"skip":true},"14":{"start":{"line":70,"column":12},"end":{"line":88,"column":13},"skip":true},"15":{"start":{"line":76,"column":16},"end":{"line":87,"column":19},"skip":true},"16":{"start":{"line":79,"column":20},"end":{"line":86,"column":21},"skip":true},"17":{"start":{"line":82,"column":24},"end":{"line":82,"column":43},"skip":true},"18":{"start":{"line":83,"column":24},"end":{"line":83,"column":30},"skip":true},"19":{"start":{"line":85,"column":24},"end":{"line":85,"column":49},"skip":true},"20":{"start":{"line":89,"column":12},"end":{"line":107,"column":13},"skip":true},"21":{"start":{"line":92,"column":16},"end":{"line":102,"column":17},"skip":true},"22":{"start":{"line":93,"column":20},"end":{"line":93,"column":86},"skip":true},"23":{"start":{"line":94,"column":20},"end":{"line":95,"column":45},"skip":true},"24":{"start":{"line":96,"column":20},"end":{"line":96,"column":42},"skip":true},"25":{"start":{"line":97,"column":20},"end":{"line":97,"column":48},"skip":true},"26":{"start":{"line":100,"column":20},"end":{"line":100,"column":85},"skip":true},"27":{"start":{"line":101,"column":20},"end":{"line":101,"column":96},"skip":true},"28":{"start":{"line":103,"column":16},"end":{"line":103,"column":22},"skip":true},"29":{"start":{"line":106,"column":16},"end":{"line":106,"column":22},"skip":true},"30":{"start":{"line":108,"column":12},"end":{"line":120,"column":13},"skip":true},"31":{"start":{"line":114,"column":16},"end":{"line":119,"column":17},"skip":true},"32":{"start":{"line":116,"column":20},"end":{"line":116,"column":78},"skip":true},"33":{"start":{"line":118,"column":20},"end":{"line":118,"column":47},"skip":true},"34":{"start":{"line":123,"column":8},"end":{"line":141,"column":11},"skip":true},"35":{"start":{"line":124,"column":12},"end":{"line":124,"column":54},"skip":true},"36":{"start":{"line":125,"column":12},"end":{"line":140,"column":14},"skip":true},"37":{"start":{"line":126,"column":16},"end":{"line":126,"column":28},"skip":true},"38":{"start":{"line":127,"column":16},"end":{"line":127,"column":69},"skip":true},"39":{"start":{"line":128,"column":16},"end":{"line":128,"column":75},"skip":true},"40":{"start":{"line":129,"column":16},"end":{"line":131,"column":17},"skip":true},"41":{"start":{"line":130,"column":20},"end":{"line":130,"column":27},"skip":true},"42":{"start":{"line":133,"column":16},"end":{"line":137,"column":36},"skip":true},"43":{"start":{"line":134,"column":20},"end":{"line":136,"column":55},"skip":true},"44":{"start":{"line":139,"column":16},"end":{"line":139,"column":57},"skip":true},"45":{"start":{"line":143,"column":8},"end":{"line":147,"column":11},"skip":true},"46":{"start":{"line":144,"column":12},"end":{"line":146,"column":15},"skip":true},"47":{"start":{"line":145,"column":16},"end":{"line":145,"column":70},"skip":true},"48":{"start":{"line":149,"column":8},"end":{"line":149,"column":31},"skip":true},"49":{"start":{"line":150,"column":8},"end":{"line":150,"column":14},"skip":true},"50":{"start":{"line":158,"column":8},"end":{"line":158,"column":31},"skip":true},"51":{"start":{"line":160,"column":8},"end":{"line":160,"column":33},"skip":true},"52":{"start":{"line":161,"column":8},"end":{"line":161,"column":37},"skip":true},"53":{"start":{"line":162,"column":8},"end":{"line":162,"column":35},"skip":true},"54":{"start":{"line":164,"column":8},"end":{"line":164,"column":50},"skip":true},"55":{"start":{"line":166,"column":8},"end":{"line":256,"column":2},"skip":true},"56":{"start":{"line":258,"column":8},"end":{"line":286,"column":9},"skip":true},"57":{"start":{"line":259,"column":12},"end":{"line":269,"column":14},"skip":true},"58":{"start":{"line":271,"column":12},"end":{"line":285,"column":19},"skip":true},"59":{"start":{"line":274,"column":20},"end":{"line":274,"column":35},"skip":true},"60":{"start":{"line":275,"column":20},"end":{"line":284,"column":21},"skip":true},"61":{"start":{"line":277,"column":24},"end":{"line":277,"column":64},"skip":true},"62":{"start":{"line":279,"column":24},"end":{"line":279,"column":40},"skip":true},"63":{"start":{"line":281,"column":24},"end":{"line":281,"column":40},"skip":true},"64":{"start":{"line":283,"column":24},"end":{"line":283,"column":39},"skip":true},"65":{"start":{"line":288,"column":8},"end":{"line":290,"column":9},"skip":true},"66":{"start":{"line":289,"column":12},"end":{"line":289,"column":18},"skip":true},"67":{"start":{"line":291,"column":8},"end":{"line":293,"column":54},"skip":true},"68":{"start":{"line":296,"column":8},"end":{"line":301,"column":37},"skip":true},"69":{"start":{"line":303,"column":8},"end":{"line":303,"column":82},"skip":true},"70":{"start":{"line":306,"column":8},"end":{"line":308,"column":9},"skip":true},"71":{"start":{"line":307,"column":12},"end":{"line":307,"column":82},"skip":true},"72":{"start":{"line":310,"column":8},"end":{"line":312,"column":9},"skip":true},"73":{"start":{"line":311,"column":12},"end":{"line":311,"column":18},"skip":true},"74":{"start":{"line":313,"column":8},"end":{"line":313,"column":54},"skip":true},"75":{"start":{"line":314,"column":8},"end":{"line":314,"column":69},"skip":true},"76":{"start":{"line":315,"column":8},"end":{"line":323,"column":36},"skip":true},"77":{"start":{"line":316,"column":12},"end":{"line":316,"column":61},"skip":true},"78":{"start":{"line":317,"column":12},"end":{"line":320,"column":13},"skip":true},"79":{"start":{"line":318,"column":16},"end":{"line":318,"column":75},"skip":true},"80":{"start":{"line":319,"column":16},"end":{"line":319,"column":23},"skip":true},"81":{"start":{"line":321,"column":12},"end":{"line":321,"column":38},"skip":true},"82":{"start":{"line":322,"column":12},"end":{"line":322,"column":27},"skip":true},"83":{"start":{"line":324,"column":8},"end":{"line":324,"column":14},"skip":true}},"branchMap":{"1":{"line":39,"type":"binary-expr","locations":[{"start":{"line":39,"column":23},"end":{"line":39,"column":62}},{"start":{"line":40,"column":20},"end":{"line":40,"column":70}},{"start":{"line":41,"column":20},"end":{"line":41,"column":71}},{"start":{"line":42,"column":20},"end":{"line":42,"column":29}}]},"2":{"line":44,"type":"binary-expr","locations":[{"start":{"line":44,"column":23},"end":{"line":44,"column":37}},{"start":{"line":45,"column":20},"end":{"line":45,"column":61}},{"start":{"line":46,"column":20},"end":{"line":46,"column":70}},{"start":{"line":47,"column":20},"end":{"line":47,"column":26}}]},"3":{"line":51,"type":"cond-expr","locations":[{"start":{"line":52,"column":14},"end":{"line":52,"column":20}},{"start":{"line":53,"column":14},"end":{"line":53,"column":20}}]},"4":{"line":55,"type":"binary-expr","locations":[{"start":{"line":55,"column":16},"end":{"line":55,"column":44}},{"start":{"line":55,"column":49},"end":{"line":57,"column":43}}]},"5":{"line":55,"type":"cond-expr","locations":[{"start":{"line":56,"column":14},"end":{"line":56,"column":64}},{"start":{"line":57,"column":14},"end":{"line":57,"column":43}}]},"6":{"line":61,"type":"switch","locations":[{"start":{"line":68,"column":4},"end":{"line":150,"column":14},"skip":true},{"start":{"line":156,"column":4},"end":{"line":324,"column":14},"skip":true}]},"7":{"line":70,"type":"if","locations":[{"start":{"line":70,"column":12},"end":{"line":70,"column":12},"skip":true},{"start":{"line":70,"column":12},"end":{"line":70,"column":12},"skip":true}]},"8":{"line":70,"type":"binary-expr","locations":[{"start":{"line":70,"column":16},"end":{"line":70,"column":22},"skip":true},{"start":{"line":70,"column":27},"end":{"line":70,"column":32},"skip":true},{"start":{"line":71,"column":20},"end":{"line":71,"column":39},"skip":true},{"start":{"line":72,"column":20},"end":{"line":72,"column":49},"skip":true},{"start":{"line":73,"column":20},"end":{"line":73,"column":58},"skip":true},{"start":{"line":74,"column":20},"end":{"line":74,"column":69},"skip":true}]},"9":{"line":79,"type":"switch","locations":[{"start":{"line":80,"column":20},"end":{"line":80,"column":33},"skip":true},{"start":{"line":81,"column":20},"end":{"line":83,"column":30},"skip":true},{"start":{"line":84,"column":20},"end":{"line":85,"column":49},"skip":true}]},"10":{"line":89,"type":"switch","locations":[{"start":{"line":90,"column":12},"end":{"line":103,"column":22},"skip":true},{"start":{"line":105,"column":12},"end":{"line":106,"column":22},"skip":true}]},"11":{"line":89,"type":"binary-expr","locations":[{"start":{"line":89,"column":20},"end":{"line":89,"column":25},"skip":true},{"start":{"line":89,"column":29},"end":{"line":89,"column":48},"skip":true},{"start":{"line":89,"column":52},"end":{"line":89,"column":74},"skip":true}]},"12":{"line":92,"type":"if","locations":[{"start":{"line":92,"column":16},"end":{"line":92,"column":16},"skip":true},{"start":{"line":92,"column":16},"end":{"line":92,"column":16},"skip":true}]},"13":{"line":108,"type":"if","locations":[{"start":{"line":108,"column":12},"end":{"line":108,"column":12},"skip":true},{"start":{"line":108,"column":12},"end":{"line":108,"column":12},"skip":true}]},"14":{"line":108,"type":"binary-expr","locations":[{"start":{"line":108,"column":16},"end":{"line":108,"column":61},"skip":true},{"start":{"line":108,"column":66},"end":{"line":108,"column":72},"skip":true},{"start":{"line":108,"column":77},"end":{"line":108,"column":82},"skip":true},{"start":{"line":109,"column":20},"end":{"line":109,"column":39},"skip":true},{"start":{"line":110,"column":20},"end":{"line":110,"column":49},"skip":true},{"start":{"line":111,"column":20},"end":{"line":111,"column":58},"skip":true},{"start":{"line":112,"column":20},"end":{"line":112,"column":68},"skip":true}]},"15":{"line":129,"type":"if","locations":[{"start":{"line":129,"column":16},"end":{"line":129,"column":16},"skip":true},{"start":{"line":129,"column":16},"end":{"line":129,"column":16},"skip":true}]},"16":{"line":134,"type":"cond-expr","locations":[{"start":{"line":135,"column":26},"end":{"line":135,"column":29},"skip":true},{"start":{"line":136,"column":26},"end":{"line":136,"column":54},"skip":true}]},"17":{"line":164,"type":"binary-expr","locations":[{"start":{"line":164,"column":27},"end":{"line":164,"column":43},"skip":true},{"start":{"line":164,"column":47},"end":{"line":164,"column":49},"skip":true}]},"18":{"line":258,"type":"if","locations":[{"start":{"line":258,"column":8},"end":{"line":258,"column":8},"skip":true},{"start":{"line":258,"column":8},"end":{"line":258,"column":8},"skip":true}]},"19":{"line":275,"type":"switch","locations":[{"start":{"line":276,"column":20},"end":{"line":277,"column":64},"skip":true},{"start":{"line":278,"column":20},"end":{"line":279,"column":40},"skip":true},{"start":{"line":280,"column":20},"end":{"line":281,"column":40},"skip":true},{"start":{"line":282,"column":20},"end":{"line":283,"column":39},"skip":true}]},"20":{"line":288,"type":"if","locations":[{"start":{"line":288,"column":8},"end":{"line":288,"column":8},"skip":true},{"start":{"line":288,"column":8},"end":{"line":288,"column":8},"skip":true}]},"21":{"line":288,"type":"binary-expr","locations":[{"start":{"line":288,"column":12},"end":{"line":288,"column":40},"skip":true},{"start":{"line":288,"column":44},"end":{"line":288,"column":67},"skip":true}]},"22":{"line":292,"type":"binary-expr","locations":[{"start":{"line":292,"column":12},"end":{"line":292,"column":50},"skip":true},{"start":{"line":293,"column":12},"end":{"line":293,"column":53},"skip":true}]},"23":{"line":297,"type":"binary-expr","locations":[{"start":{"line":297,"column":12},"end":{"line":297,"column":78},"skip":true},{"start":{"line":298,"column":12},"end":{"line":301,"column":36},"skip":true}]},"24":{"line":303,"type":"binary-expr","locations":[{"start":{"line":303,"column":43},"end":{"line":303,"column":75},"skip":true},{"start":{"line":303,"column":79},"end":{"line":303,"column":81},"skip":true}]},"25":{"line":306,"type":"if","locations":[{"start":{"line":306,"column":8},"end":{"line":306,"column":8},"skip":true},{"start":{"line":306,"column":8},"end":{"line":306,"column":8},"skip":true}]},"26":{"line":310,"type":"if","locations":[{"start":{"line":310,"column":8},"end":{"line":310,"column":8},"skip":true},{"start":{"line":310,"column":8},"end":{"line":310,"column":8},"skip":true}]},"27":{"line":313,"type":"binary-expr","locations":[{"start":{"line":313,"column":27},"end":{"line":313,"column":43},"skip":true},{"start":{"line":313,"column":47},"end":{"line":313,"column":53},"skip":true}]},"28":{"line":317,"type":"if","locations":[{"start":{"line":317,"column":12},"end":{"line":317,"column":12},"skip":true},{"start":{"line":317,"column":12},"end":{"line":317,"column":12},"skip":true}]}},"code":["/*","example.js","","quickstart example","","instruction","    1. save this script as example.js","    2. run the shell command:","        $ npm install npmtest-devbridge-styleguide && PORT=8081 node example.js","    3. play with the browser-demo on http://127.0.0.1:8081","*/","","","","/* istanbul instrument in package npmtest_devbridge_styleguide */","/*jslint","    bitwise: true,","    browser: true,","    maxerr: 8,","    maxlen: 96,","    node: true,","    nomen: true,","    regexp: true,","    stupid: true","*/","(function () {","    'use strict';","    var local;","","","","    // run shared js-env code - pre-init","    (function () {","        // init local","        local = {};","        // init modeJs","        local.modeJs = (function () {","            try {","                return typeof navigator.userAgent === 'string' &&","                    typeof document.querySelector('body') === 'object' &&","                    typeof XMLHttpRequest.prototype.open === 'function' &&","                    'browser';","            } catch (errorCaughtBrowser) {","                return module.exports &&","                    typeof process.versions.node === 'string' &&","                    typeof require('http').createServer === 'function' &&","                    'node';","            }","        }());","        // init global","        local.global = local.modeJs === 'browser'","            ? window","            : global;","        // init utility2_rollup","        local = local.global.utility2_rollup || (local.modeJs === 'browser'","            ? local.global.utility2_npmtest_devbridge_styleguide","            : global.utility2_moduleExports);","        // export local","        local.global.local = local;","    }());","    switch (local.modeJs) {","","","","    // post-init","    // run browser js-env code - post-init","    /* istanbul ignore next */","    case 'browser':","        local.testRunBrowser = function (event) {","            if (!event || (event &&","                    event.currentTarget &&","                    event.currentTarget.className &&","                    event.currentTarget.className.includes &&","                    event.currentTarget.className.includes('onreset'))) {","                // reset output","                Array.from(","                    document.querySelectorAll('body > .resettable')","                ).forEach(function (element) {","                    switch (element.tagName) {","                    case 'INPUT':","                    case 'TEXTAREA':","                        element.value = '';","                        break;","                    default:","                        element.textContent = '';","                    }","                });","            }","            switch (event && event.currentTarget && event.currentTarget.id) {","            case 'testRunButton1':","                // show tests","                if (document.querySelector('#testReportDiv1').style.display === 'none') {","                    document.querySelector('#testReportDiv1').style.display = 'block';","                    document.querySelector('#testRunButton1').textContent =","                        'hide internal test';","                    local.modeTest = true;","                    local.testRunDefault(local);","                // hide tests","                } else {","                    document.querySelector('#testReportDiv1').style.display = 'none';","                    document.querySelector('#testRunButton1').textContent = 'run internal test';","                }","                break;","            // custom-case","            default:","                break;","            }","            if (document.querySelector('#inputTextareaEval1') && (!event || (event &&","                    event.currentTarget &&","                    event.currentTarget.className &&","                    event.currentTarget.className.includes &&","                    event.currentTarget.className.includes('oneval')))) {","                // try to eval input-code","                try {","                    /*jslint evil: true*/","                    eval(document.querySelector('#inputTextareaEval1').value);","                } catch (errorCaught) {","                    console.error(errorCaught);","                }","            }","        };","        // log stderr and stdout to #outputTextareaStdout1","        ['error', 'log'].forEach(function (key) {","            console[key + '_original'] = console[key];","            console[key] = function () {","                var element;","                console[key + '_original'].apply(console, arguments);","                element = document.querySelector('#outputTextareaStdout1');","                if (!element) {","                    return;","                }","                // append text to #outputTextareaStdout1","                element.value += Array.from(arguments).map(function (arg) {","                    return typeof arg === 'string'","                        ? arg","                        : JSON.stringify(arg, null, 4);","                }).join(' ') + '\\n';","                // scroll textarea to bottom","                element.scrollTop = element.scrollHeight;","            };","        });","        // init event-handling","        ['change', 'click', 'keyup'].forEach(function (event) {","            Array.from(document.querySelectorAll('.on' + event)).forEach(function (element) {","                element.addEventListener(event, local.testRunBrowser);","            });","        });","        // run tests","        local.testRunBrowser();","        break;","","","","    // run node js-env code - post-init","    /* istanbul ignore next */","    case 'node':","        // export local","        module.exports = local;","        // require modules","        local.fs = require('fs');","        local.http = require('http');","        local.url = require('url');","        // init assets","        local.assetsDict = local.assetsDict || {};","        /* jslint-ignore-begin */","        local.assetsDict['/assets.index.template.html'] = '\\","<!doctype html>\\n\\","<html lang=\"en\">\\n\\","<head>\\n\\","<meta charset=\"UTF-8\">\\n\\","<meta name=\"viewport\" content=\"width=device-width, initial-scale=1\">\\n\\","<title>{{env.npm_package_name}} (v{{env.npm_package_version}})</title>\\n\\","<style>\\n\\","/*csslint\\n\\","    box-sizing: false,\\n\\","    universal-selector: false\\n\\","*/\\n\\","* {\\n\\","    box-sizing: border-box;\\n\\","}\\n\\","body {\\n\\","    background: #dde;\\n\\","    font-family: Arial, Helvetica, sans-serif;\\n\\","    margin: 2rem;\\n\\","}\\n\\","body > * {\\n\\","    margin-bottom: 1rem;\\n\\","}\\n\\",".utility2FooterDiv {\\n\\","    margin-top: 20px;\\n\\","    text-align: center;\\n\\","}\\n\\","</style>\\n\\","<style>\\n\\","/*csslint\\n\\","*/\\n\\","textarea {\\n\\","    font-family: monospace;\\n\\","    height: 10rem;\\n\\","    width: 100%;\\n\\","}\\n\\","textarea[readonly] {\\n\\","    background: #ddd;\\n\\","}\\n\\","</style>\\n\\","</head>\\n\\","<body>\\n\\","<!-- utility2-comment\\n\\","<div id=\"ajaxProgressDiv1\" style=\"background: #d00; height: 2px; left: 0; margin: 0; padding: 0; position: fixed; top: 0; transition: background 0.5s, width 1.5s; width: 25%;\"></div>\\n\\","utility2-comment -->\\n\\","<h1>\\n\\","<!-- utility2-comment\\n\\","    <a\\n\\","        {{#if env.npm_package_homepage}}\\n\\","        href=\"{{env.npm_package_homepage}}\"\\n\\","        {{/if env.npm_package_homepage}}\\n\\","        target=\"_blank\"\\n\\","    >\\n\\","utility2-comment -->\\n\\","        {{env.npm_package_name}} (v{{env.npm_package_version}})\\n\\","<!-- utility2-comment\\n\\","    </a>\\n\\","utility2-comment -->\\n\\","</h1>\\n\\","<h3>{{env.npm_package_description}}</h3>\\n\\","<!-- utility2-comment\\n\\","<h4><a download href=\"assets.app.js\">download standalone app</a></h4>\\n\\","<button class=\"onclick onreset\" id=\"testRunButton1\">run internal test</button><br>\\n\\","<div id=\"testReportDiv1\" style=\"display: none;\"></div>\\n\\","utility2-comment -->\\n\\","\\n\\","\\n\\","\\n\\","<label>stderr and stdout</label>\\n\\","<textarea class=\"resettable\" id=\"outputTextareaStdout1\" readonly></textarea>\\n\\","<!-- utility2-comment\\n\\","{{#if isRollup}}\\n\\","<script src=\"assets.app.js\"></script>\\n\\","{{#unless isRollup}}\\n\\","utility2-comment -->\\n\\","<script src=\"assets.utility2.rollup.js\"></script>\\n\\","<script src=\"jsonp.utility2._stateInit?callback=window.utility2._stateInit\"></script>\\n\\","<script src=\"assets.npmtest_devbridge_styleguide.rollup.js\"></script>\\n\\","<script src=\"assets.example.js\"></script>\\n\\","<script src=\"assets.test.js\"></script>\\n\\","<!-- utility2-comment\\n\\","{{/if isRollup}}\\n\\","utility2-comment -->\\n\\","<div class=\"utility2FooterDiv\">\\n\\","    [ this app was created with\\n\\","    <a href=\"https://github.com/kaizhu256/node-utility2\" target=\"_blank\">utility2</a>\\n\\","    ]\\n\\","</div>\\n\\","</body>\\n\\","</html>\\n\\","';","        /* jslint-ignore-end */","        if (local.templateRender) {","            local.assetsDict['/'] = local.templateRender(","                local.assetsDict['/assets.index.template.html'],","                {","                    env: local.objectSetDefault(local.env, {","                        npm_package_description: 'the greatest app in the world!',","                        npm_package_name: 'my-app',","                        npm_package_nameAlias: 'my_app',","                        npm_package_version: '0.0.1'","                    })","                }","            );","        } else {","            local.assetsDict['/'] = local.assetsDict['/assets.index.template.html']","                .replace((/\\{\\{env\\.(\\w+?)\\}\\}/g), function (match0, match1) {","                    // jslint-hack","                    String(match0);","                    switch (match1) {","                    case 'npm_package_description':","                        return 'the greatest app in the world!';","                    case 'npm_package_name':","                        return 'my-app';","                    case 'npm_package_nameAlias':","                        return 'my_app';","                    case 'npm_package_version':","                        return '0.0.1';","                    }","                });","        }","        // run the cli","        if (local.global.utility2_rollup || module !== require.main) {","            break;","        }","        local.assetsDict['/assets.example.js'] =","            local.assetsDict['/assets.example.js'] ||","            local.fs.readFileSync(__filename, 'utf8');","        // bug-workaround - long $npm_package_buildCustomOrg","        /* jslint-ignore-begin */","        local.assetsDict['/assets.npmtest_devbridge_styleguide.rollup.js'] =","            local.assetsDict['/assets.npmtest_devbridge_styleguide.rollup.js'] ||","            local.fs.readFileSync(","                local.npmtest_devbridge_styleguide.__dirname + '/lib.npmtest_devbridge_styleguide.js',","                'utf8'","            ).replace((/^#!/), '//');","        /* jslint-ignore-end */","        local.assetsDict['/favicon.ico'] = local.assetsDict['/favicon.ico'] || '';","        // if $npm_config_timeout_exit exists,","        // then exit this process after $npm_config_timeout_exit ms","        if (Number(process.env.npm_config_timeout_exit)) {","            setTimeout(process.exit, Number(process.env.npm_config_timeout_exit));","        }","        // start server","        if (local.global.utility2_serverHttp1) {","            break;","        }","        process.env.PORT = process.env.PORT || '8081';","        console.error('server starting on port ' + process.env.PORT);","        local.http.createServer(function (request, response) {","            request.urlParsed = local.url.parse(request.url);","            if (local.assetsDict[request.urlParsed.pathname] !== undefined) {","                response.end(local.assetsDict[request.urlParsed.pathname]);","                return;","            }","            response.statusCode = 404;","            response.end();","        }).listen(process.env.PORT);","        break;","    }","}());",""],"l":{"26":2,"28":2,"33":2,"35":2,"37":2,"38":2,"39":2,"44":1,"51":2,"55":2,"59":2,"61":2,"69":1,"70":2,"76":2,"79":2,"82":2,"83":2,"85":1,"89":2,"92":1,"93":1,"94":1,"96":1,"97":1,"100":1,"101":1,"103":1,"106":1,"108":2,"114":1,"116":1,"118":1,"123":1,"124":2,"125":2,"126":3,"127":3,"128":3,"129":3,"130":1,"133":3,"134":3,"139":3,"143":1,"144":3,"145":1,"149":1,"150":1,"158":1,"160":1,"161":1,"162":1,"164":1,"166":1,"258":1,"259":1,"271":1,"274":6,"275":6,"277":1,"279":2,"281":1,"283":2,"288":1,"289":1,"291":1,"296":1,"303":1,"306":1,"307":1,"310":1,"311":1,"313":1,"314":1,"315":1,"316":1,"317":1,"318":1,"319":1,"321":1,"322":1,"324":1}},"/home/travis/build/npmtest/node-npmtest-devbridge-styleguide/node_modules/devbridge-styleguide/index.js":{"path":"/home/travis/build/npmtest/node-npmtest-devbridge-styleguide/node_modules/devbridge-styleguide/index.js","s":{"1":1,"2":1,"3":1,"4":1,"5":1,"6":1,"7":1,"8":1,"9":0,"10":0,"11":0,"12":0,"13":0,"14":0,"15":0,"16":0,"17":0,"18":0,"19":0,"20":0,"21":0,"22":0,"23":0,"24":0},"b":{"1":[0,0],"2":[0,0]},"f":{"1":0,"2":0,"3":0,"4":0},"fnMap":{"1":{"name":"(anonymous_1)","line":9,"loc":{"start":{"line":9,"column":22},"end":{"line":9,"column":41}}},"2":{"name":"(anonymous_2)","line":20,"loc":{"start":{"line":20,"column":8},"end":{"line":20,"column":25}}},"3":{"name":"(anonymous_3)","line":25,"loc":{"start":{"line":25,"column":45},"end":{"line":25,"column":57}}},"4":{"name":"(anonymous_4)","line":27,"loc":{"start":{"line":27,"column":19},"end":{"line":27,"column":36}}}},"statementMap":{"1":{"start":{"line":1,"column":0},"end":{"line":1,"column":26}},"2":{"start":{"line":2,"column":0},"end":{"line":2,"column":27}},"3":{"start":{"line":3,"column":0},"end":{"line":3,"column":27}},"4":{"start":{"line":4,"column":0},"end":{"line":4,"column":23}},"5":{"start":{"line":5,"column":0},"end":{"line":5,"column":34}},"6":{"start":{"line":6,"column":0},"end":{"line":6,"column":43}},"7":{"start":{"line":7,"column":0},"end":{"line":7,"column":36}},"8":{"start":{"line":9,"column":0},"end":{"line":40,"column":2}},"9":{"start":{"line":10,"column":1},"end":{"line":12,"column":3}},"10":{"start":{"line":14,"column":1},"end":{"line":14,"column":45}},"11":{"start":{"line":16,"column":1},"end":{"line":16,"column":97}},"12":{"start":{"line":17,"column":1},"end":{"line":17,"column":20}},"13":{"start":{"line":19,"column":1},"end":{"line":39,"column":5}},"14":{"start":{"line":21,"column":3},"end":{"line":35,"column":4}},"15":{"start":{"line":22,"column":4},"end":{"line":22,"column":40}},"16":{"start":{"line":23,"column":4},"end":{"line":23,"column":39}},"17":{"start":{"line":24,"column":4},"end":{"line":24,"column":44}},"18":{"start":{"line":25,"column":4},"end":{"line":31,"column":7}},"19":{"start":{"line":26,"column":5},"end":{"line":26,"column":91}},"20":{"start":{"line":28,"column":5},"end":{"line":30,"column":6}},"21":{"start":{"line":29,"column":6},"end":{"line":29,"column":83}},"22":{"start":{"line":33,"column":4},"end":{"line":33,"column":83}},"23":{"start":{"line":34,"column":4},"end":{"line":34,"column":62}},"24":{"start":{"line":37,"column":3},"end":{"line":37,"column":25}}},"branchMap":{"1":{"line":21,"type":"if","locations":[{"start":{"line":21,"column":3},"end":{"line":21,"column":3}},{"start":{"line":21,"column":3},"end":{"line":21,"column":3}}]},"2":{"line":28,"type":"if","locations":[{"start":{"line":28,"column":5},"end":{"line":28,"column":5}},{"start":{"line":28,"column":5},"end":{"line":28,"column":5}}]}},"code":["var _ = require('lodash');","var app = require('./app');","var http = require('http');","var fs = require('fs');","var exports = module.exports = {};","var tcpPortUsed = require('tcp-port-used');","var colors = require('colors/safe');","","exports.startServer = function (options) {","\tvar defaultOptions = {","\t\tstyleguidePath: 'styleguide'","\t};","","\toptions = _.assign(defaultOptions, options);","","\tvar config = JSON.parse(fs.readFileSync('./' + options.styleguidePath + '/config.txt', 'utf8'));","\tvar serverInstance;","","\treturn tcpPortUsed.check(config.serverPort)","\t\t.then(function (inUse) {","\t\t\tif (!inUse) {","\t\t\t\tapp.set('styleguideConfig', config);","\t\t\t\tapp.set('port', config.serverPort);","\t\t\t\tserverInstance = http.createServer(app);","\t\t\t\tserverInstance.listen(config.serverPort, function () {","\t\t\t\t\tconsole.log(colors.green('Styleguide server listening on port ' + config.serverPort));","\t\t\t\t}).on('error', function (error) {","\t\t\t\t\tif (error.code === 'EADDRINUSE') {","\t\t\t\t\t\tconsole.error(colors.red('Something went wrong and server could not start'));","\t\t\t\t\t}","\t\t\t\t});","\t\t\t} else {","\t\t\t\tconsole.error(colors.red('Port:' + config.serverPort + ' is already in use.'));","\t\t\t\tconsole.error(colors.red('Please provide another port.'));","\t\t\t}","","\t\t\treturn serverInstance;","","\t\t});","};",""],"l":{"1":1,"2":1,"3":1,"4":1,"5":1,"6":1,"7":1,"9":1,"10":0,"14":0,"16":0,"17":0,"19":0,"21":0,"22":0,"23":0,"24":0,"25":0,"26":0,"28":0,"29":0,"33":0,"34":0,"37":0}},"/home/travis/build/npmtest/node-npmtest-devbridge-styleguide/node_modules/devbridge-styleguide/app.js":{"path":"/home/travis/build/npmtest/node-npmtest-devbridge-styleguide/node_modules/devbridge-styleguide/app.js","s":{"1":1,"2":1,"3":1,"4":1,"5":1,"6":0,"7":0,"8":0,"9":0,"10":0,"11":0,"12":0,"13":1,"14":1,"15":1,"16":1,"17":0,"18":0,"19":0,"20":1,"21":0,"22":0,"23":0,"24":1,"25":0,"26":0,"27":1},"b":{"1":[0,0],"2":[0,0],"3":[0,1],"4":[0,0],"5":[0,0]},"f":{"1":0,"2":0,"3":0,"4":0},"fnMap":{"1":{"name":"(anonymous_1)","line":20,"loc":{"start":{"line":20,"column":8},"end":{"line":20,"column":33}}},"2":{"name":"(anonymous_2)","line":35,"loc":{"start":{"line":35,"column":8},"end":{"line":35,"column":33}}},"3":{"name":"(anonymous_3)","line":46,"loc":{"start":{"line":46,"column":10},"end":{"line":46,"column":34}}},"4":{"name":"(anonymous_4)","line":57,"loc":{"start":{"line":57,"column":8},"end":{"line":57,"column":32}}}},"statementMap":{"1":{"start":{"line":1,"column":0},"end":{"line":8,"column":18}},"2":{"start":{"line":12,"column":0},"end":{"line":12,"column":47}},"3":{"start":{"line":15,"column":0},"end":{"line":15,"column":27}},"4":{"start":{"line":16,"column":0},"end":{"line":18,"column":4}},"5":{"start":{"line":20,"column":0},"end":{"line":28,"column":3}},"6":{"start":{"line":21,"column":2},"end":{"line":26,"column":3}},"7":{"start":{"line":22,"column":4},"end":{"line":22,"column":51}},"8":{"start":{"line":23,"column":4},"end":{"line":23,"column":94}},"9":{"start":{"line":24,"column":4},"end":{"line":24,"column":76}},"10":{"start":{"line":25,"column":4},"end":{"line":25,"column":61}},"11":{"start":{"line":25,"column":34},"end":{"line":25,"column":61}},"12":{"start":{"line":27,"column":2},"end":{"line":27,"column":9}},"13":{"start":{"line":30,"column":0},"end":{"line":30,"column":31}},"14":{"start":{"line":31,"column":0},"end":{"line":31,"column":35}},"15":{"start":{"line":32,"column":0},"end":{"line":32,"column":28}},"16":{"start":{"line":35,"column":0},"end":{"line":39,"column":3}},"17":{"start":{"line":36,"column":2},"end":{"line":36,"column":35}},"18":{"start":{"line":37,"column":2},"end":{"line":37,"column":19}},"19":{"start":{"line":38,"column":2},"end":{"line":38,"column":12}},"20":{"start":{"line":45,"column":0},"end":{"line":53,"column":1}},"21":{"start":{"line":46,"column":2},"end":{"line":52,"column":5}},"22":{"start":{"line":47,"column":4},"end":{"line":47,"column":34}},"23":{"start":{"line":48,"column":4},"end":{"line":51,"column":7}},"24":{"start":{"line":57,"column":0},"end":{"line":63,"column":3}},"25":{"start":{"line":58,"column":2},"end":{"line":58,"column":32}},"26":{"start":{"line":59,"column":2},"end":{"line":62,"column":5}},"27":{"start":{"line":66,"column":0},"end":{"line":66,"column":21}}},"branchMap":{"1":{"line":21,"type":"if","locations":[{"start":{"line":21,"column":2},"end":{"line":21,"column":2}},{"start":{"line":21,"column":2},"end":{"line":21,"column":2}}]},"2":{"line":25,"type":"if","locations":[{"start":{"line":25,"column":4},"end":{"line":25,"column":4}},{"start":{"line":25,"column":4},"end":{"line":25,"column":4}}]},"3":{"line":45,"type":"if","locations":[{"start":{"line":45,"column":0},"end":{"line":45,"column":0}},{"start":{"line":45,"column":0},"end":{"line":45,"column":0}}]},"4":{"line":47,"type":"binary-expr","locations":[{"start":{"line":47,"column":15},"end":{"line":47,"column":25}},{"start":{"line":47,"column":29},"end":{"line":47,"column":32}}]},"5":{"line":58,"type":"binary-expr","locations":[{"start":{"line":58,"column":13},"end":{"line":58,"column":23}},{"start":{"line":58,"column":27},"end":{"line":58,"column":30}}]}},"code":["var express = require('express'),","  bodyParser = require('body-parser'),","","  snippets = require('./routes/snippets'),","  categories = require('./routes/categories'),","  scraper = require('./routes/scrape'),","","  app = express();","","//var logger = require('morgan');","","process.env.NODE_TLS_REJECT_UNAUTHORIZED = \"0\";","","//app.use(logger('dev'));","app.use(bodyParser.json());","app.use(bodyParser.urlencoded({","  extended: false","}));","","app.use(function(req, res, next) {","  if (req.headers.origin) {","    res.header('Access-Control-Allow-Origin', '*');","    res.header('Access-Control-Allow-Headers', 'X-Requested-With,Content-Type,Authorization');","    res.header('Access-Control-Allow-Methods', 'GET,PUT,PATCH,POST,DELETE');","    if (req.method === 'OPTIONS') return res.sendStatus(200);","  }","  next();","});","","app.use('/snippets', snippets);","app.use('/categories', categories);","app.use('/scrape', scraper);","","// catch 404 and forward to error handler","app.use(function(req, res, next) {","  var err = new Error('Not Found');","  err.status = 404;","  next(err);","});","","// error handlers","","// development error handler","// will print stacktrace","if (app.get('env') === 'development') {","  app.use(function(err, req, res) {","    res.status(err.status || 500);","    res.json({","      message: err.message,","      error: err","    });","  });","}","","// production error handler","// no stacktraces leaked to user","app.use(function(err, req, res) {","  res.status(err.status || 500);","  res.json({","    message: err.message,","    error: {}","  });","});","","","module.exports = app;",""],"l":{"1":1,"12":1,"15":1,"16":1,"20":1,"21":0,"22":0,"23":0,"24":0,"25":0,"27":0,"30":1,"31":1,"32":1,"35":1,"36":0,"37":0,"38":0,"45":1,"46":0,"47":0,"48":0,"57":1,"58":0,"59":0,"66":1}},"/home/travis/build/npmtest/node-npmtest-devbridge-styleguide/node_modules/devbridge-styleguide/routes/snippets.js":{"path":"/home/travis/build/npmtest/node-npmtest-devbridge-styleguide/node_modules/devbridge-styleguide/routes/snippets.js","s":{"1":1,"2":1,"3":0,"4":0,"5":0,"6":0,"7":0,"8":0,"9":0,"10":0,"11":1,"12":0,"13":0,"14":0,"15":0,"16":0,"17":0,"18":0,"19":0,"20":0,"21":0,"22":0,"23":0,"24":0,"25":0,"26":0,"27":1,"28":0,"29":0,"30":0,"31":0,"32":0,"33":0,"34":0,"35":0,"36":0,"37":0,"38":1,"39":0,"40":0,"41":0,"42":0,"43":0,"44":0,"45":0,"46":0,"47":0,"48":0,"49":0,"50":0,"51":1,"52":0,"53":0,"54":0,"55":0,"56":0,"57":0,"58":0,"59":0,"60":1,"61":0,"62":0,"63":0,"64":0,"65":0,"66":0,"67":0,"68":0,"69":0,"70":0,"71":0,"72":0,"73":1,"74":0,"75":0,"76":0,"77":0,"78":0,"79":0,"80":0,"81":0,"82":0,"83":0,"84":0,"85":0,"86":0,"87":0,"88":0,"89":0,"90":0,"91":0,"92":0,"93":0,"94":0,"95":0,"96":0,"97":0,"98":0,"99":0,"100":0,"101":1,"102":0,"103":0,"104":0,"105":0,"106":0,"107":0,"108":0,"109":0,"110":0,"111":0,"112":0,"113":0,"114":0,"115":0,"116":0,"117":0,"118":0,"119":1},"b":{"1":[0,0],"2":[0,0],"3":[0,0],"4":[0,0],"5":[0,0],"6":[0,0],"7":[0,0],"8":[0,0],"9":[0,0],"10":[0,0],"11":[0,0],"12":[0,0],"13":[0,0],"14":[0,0],"15":[0,0],"16":[0,0]},"f":{"1":0,"2":0,"3":0,"4":0,"5":0,"6":0,"7":0,"8":0},"fnMap":{"1":{"name":"(anonymous_1)","line":8,"loc":{"start":{"line":8,"column":16},"end":{"line":8,"column":35}}},"2":{"name":"(anonymous_2)","line":28,"loc":{"start":{"line":28,"column":26},"end":{"line":28,"column":45}}},"3":{"name":"(anonymous_3)","line":62,"loc":{"start":{"line":62,"column":28},"end":{"line":62,"column":47}}},"4":{"name":"(anonymous_4)","line":89,"loc":{"start":{"line":89,"column":19},"end":{"line":89,"column":38}}},"5":{"name":"(anonymous_5)","line":119,"loc":{"start":{"line":119,"column":17},"end":{"line":119,"column":36}}},"6":{"name":"sortNumber","line":143,"loc":{"start":{"line":143,"column":2},"end":{"line":143,"column":28}}},"7":{"name":"(anonymous_7)","line":177,"loc":{"start":{"line":177,"column":19},"end":{"line":177,"column":38}}},"8":{"name":"(anonymous_8)","line":247,"loc":{"start":{"line":247,"column":22},"end":{"line":247,"column":41}}}},"statementMap":{"1":{"start":{"line":1,"column":0},"end":{"line":6,"column":28}},"2":{"start":{"line":8,"column":0},"end":{"line":26,"column":3}},"3":{"start":{"line":9,"column":2},"end":{"line":15,"column":31}},"4":{"start":{"line":17,"column":2},"end":{"line":24,"column":3}},"5":{"start":{"line":18,"column":4},"end":{"line":18,"column":85}},"6":{"start":{"line":20,"column":4},"end":{"line":20,"column":41}},"7":{"start":{"line":21,"column":4},"end":{"line":21,"column":56}},"8":{"start":{"line":22,"column":4},"end":{"line":22,"column":57}},"9":{"start":{"line":23,"column":4},"end":{"line":23,"column":47}},"10":{"start":{"line":25,"column":2},"end":{"line":25,"column":24}},"11":{"start":{"line":28,"column":0},"end":{"line":60,"column":3}},"12":{"start":{"line":29,"column":2},"end":{"line":36,"column":31}},"13":{"start":{"line":38,"column":2},"end":{"line":45,"column":3}},"14":{"start":{"line":39,"column":4},"end":{"line":39,"column":85}},"15":{"start":{"line":41,"column":4},"end":{"line":41,"column":41}},"16":{"start":{"line":42,"column":4},"end":{"line":42,"column":56}},"17":{"start":{"line":43,"column":4},"end":{"line":43,"column":57}},"18":{"start":{"line":44,"column":4},"end":{"line":44,"column":47}},"19":{"start":{"line":47,"column":2},"end":{"line":47,"column":48}},"20":{"start":{"line":49,"column":2},"end":{"line":55,"column":3}},"21":{"start":{"line":50,"column":4},"end":{"line":54,"column":5}},"22":{"start":{"line":51,"column":6},"end":{"line":51,"column":61}},"23":{"start":{"line":52,"column":6},"end":{"line":52,"column":19}},"24":{"start":{"line":53,"column":6},"end":{"line":53,"column":12}},"25":{"start":{"line":57,"column":2},"end":{"line":59,"column":3}},"26":{"start":{"line":58,"column":4},"end":{"line":58,"column":20}},"27":{"start":{"line":62,"column":0},"end":{"line":86,"column":3}},"28":{"start":{"line":63,"column":2},"end":{"line":69,"column":31}},"29":{"start":{"line":71,"column":2},"end":{"line":75,"column":3}},"30":{"start":{"line":72,"column":4},"end":{"line":74,"column":5}},"31":{"start":{"line":73,"column":6},"end":{"line":73,"column":87}},"32":{"start":{"line":77,"column":2},"end":{"line":80,"column":3}},"33":{"start":{"line":78,"column":4},"end":{"line":78,"column":58}},"34":{"start":{"line":79,"column":4},"end":{"line":79,"column":11}},"35":{"start":{"line":82,"column":2},"end":{"line":82,"column":39}},"36":{"start":{"line":83,"column":2},"end":{"line":83,"column":55}},"37":{"start":{"line":85,"column":2},"end":{"line":85,"column":21}},"38":{"start":{"line":89,"column":0},"end":{"line":116,"column":3}},"39":{"start":{"line":90,"column":2},"end":{"line":96,"column":64}},"40":{"start":{"line":98,"column":2},"end":{"line":101,"column":3}},"41":{"start":{"line":99,"column":4},"end":{"line":99,"column":20}},"42":{"start":{"line":100,"column":4},"end":{"line":100,"column":11}},"43":{"start":{"line":103,"column":2},"end":{"line":113,"column":3}},"44":{"start":{"line":104,"column":4},"end":{"line":104,"column":81}},"45":{"start":{"line":105,"column":4},"end":{"line":105,"column":41}},"46":{"start":{"line":107,"column":4},"end":{"line":107,"column":70}},"47":{"start":{"line":109,"column":4},"end":{"line":112,"column":5}},"48":{"start":{"line":110,"column":6},"end":{"line":110,"column":37}},"49":{"start":{"line":111,"column":6},"end":{"line":111,"column":12}},"50":{"start":{"line":115,"column":2},"end":{"line":115,"column":30}},"51":{"start":{"line":119,"column":0},"end":{"line":174,"column":3}},"52":{"start":{"line":120,"column":2},"end":{"line":128,"column":31}},"53":{"start":{"line":130,"column":2},"end":{"line":134,"column":3}},"54":{"start":{"line":131,"column":4},"end":{"line":133,"column":5}},"55":{"start":{"line":132,"column":6},"end":{"line":132,"column":87}},"56":{"start":{"line":136,"column":2},"end":{"line":139,"column":3}},"57":{"start":{"line":137,"column":4},"end":{"line":137,"column":71}},"58":{"start":{"line":138,"column":4},"end":{"line":138,"column":11}},"59":{"start":{"line":141,"column":2},"end":{"line":141,"column":40}},"60":{"start":{"line":143,"column":2},"end":{"line":145,"column":3}},"61":{"start":{"line":144,"column":4},"end":{"line":144,"column":17}},"62":{"start":{"line":147,"column":2},"end":{"line":147,"column":27}},"63":{"start":{"line":149,"column":2},"end":{"line":153,"column":3}},"64":{"start":{"line":150,"column":4},"end":{"line":150,"column":41}},"65":{"start":{"line":152,"column":4},"end":{"line":152,"column":11}},"66":{"start":{"line":155,"column":2},"end":{"line":164,"column":4}},"67":{"start":{"line":166,"column":2},"end":{"line":166,"column":29}},"68":{"start":{"line":167,"column":2},"end":{"line":167,"column":19}},"69":{"start":{"line":169,"column":2},"end":{"line":169,"column":40}},"70":{"start":{"line":170,"column":2},"end":{"line":170,"column":44}},"71":{"start":{"line":172,"column":2},"end":{"line":172,"column":50}},"72":{"start":{"line":173,"column":2},"end":{"line":173,"column":23}},"73":{"start":{"line":177,"column":0},"end":{"line":244,"column":3}},"74":{"start":{"line":178,"column":2},"end":{"line":189,"column":20}},"75":{"start":{"line":191,"column":2},"end":{"line":194,"column":3}},"76":{"start":{"line":192,"column":4},"end":{"line":192,"column":20}},"77":{"start":{"line":193,"column":4},"end":{"line":193,"column":11}},"78":{"start":{"line":196,"column":2},"end":{"line":206,"column":3}},"79":{"start":{"line":197,"column":4},"end":{"line":197,"column":85}},"80":{"start":{"line":198,"column":4},"end":{"line":198,"column":41}},"81":{"start":{"line":200,"column":4},"end":{"line":200,"column":70}},"82":{"start":{"line":202,"column":4},"end":{"line":205,"column":5}},"83":{"start":{"line":203,"column":6},"end":{"line":203,"column":23}},"84":{"start":{"line":204,"column":6},"end":{"line":204,"column":12}},"85":{"start":{"line":208,"column":2},"end":{"line":208,"column":46}},"86":{"start":{"line":209,"column":2},"end":{"line":209,"column":28}},"87":{"start":{"line":211,"column":2},"end":{"line":226,"column":3}},"88":{"start":{"line":212,"column":4},"end":{"line":212,"column":41}},"89":{"start":{"line":214,"column":4},"end":{"line":218,"column":5}},"90":{"start":{"line":215,"column":6},"end":{"line":217,"column":7}},"91":{"start":{"line":216,"column":8},"end":{"line":216,"column":89}},"92":{"start":{"line":220,"column":4},"end":{"line":223,"column":5}},"93":{"start":{"line":221,"column":6},"end":{"line":221,"column":66}},"94":{"start":{"line":222,"column":6},"end":{"line":222,"column":13}},"95":{"start":{"line":225,"column":4},"end":{"line":225,"column":41}},"96":{"start":{"line":228,"column":2},"end":{"line":237,"column":4}},"97":{"start":{"line":239,"column":2},"end":{"line":239,"column":33}},"98":{"start":{"line":240,"column":2},"end":{"line":240,"column":39}},"99":{"start":{"line":242,"column":2},"end":{"line":242,"column":41}},"100":{"start":{"line":243,"column":2},"end":{"line":243,"column":28}},"101":{"start":{"line":247,"column":0},"end":{"line":284,"column":3}},"102":{"start":{"line":248,"column":2},"end":{"line":257,"column":22}},"103":{"start":{"line":259,"column":2},"end":{"line":262,"column":3}},"104":{"start":{"line":260,"column":4},"end":{"line":260,"column":20}},"105":{"start":{"line":261,"column":4},"end":{"line":261,"column":11}},"106":{"start":{"line":264,"column":2},"end":{"line":274,"column":3}},"107":{"start":{"line":265,"column":4},"end":{"line":265,"column":85}},"108":{"start":{"line":266,"column":4},"end":{"line":266,"column":41}},"109":{"start":{"line":268,"column":4},"end":{"line":268,"column":70}},"110":{"start":{"line":270,"column":4},"end":{"line":273,"column":5}},"111":{"start":{"line":271,"column":6},"end":{"line":271,"column":23}},"112":{"start":{"line":272,"column":6},"end":{"line":272,"column":12}},"113":{"start":{"line":276,"column":2},"end":{"line":276,"column":37}},"114":{"start":{"line":277,"column":2},"end":{"line":277,"column":36}},"115":{"start":{"line":279,"column":2},"end":{"line":279,"column":46}},"116":{"start":{"line":280,"column":2},"end":{"line":280,"column":47}},"117":{"start":{"line":282,"column":2},"end":{"line":282,"column":39}},"118":{"start":{"line":283,"column":2},"end":{"line":283,"column":30}},"119":{"start":{"line":286,"column":0},"end":{"line":286,"column":24}}},"branchMap":{"1":{"line":50,"type":"if","locations":[{"start":{"line":50,"column":4},"end":{"line":50,"column":4}},{"start":{"line":50,"column":4},"end":{"line":50,"column":4}}]},"2":{"line":57,"type":"if","locations":[{"start":{"line":57,"column":2},"end":{"line":57,"column":2}},{"start":{"line":57,"column":2},"end":{"line":57,"column":2}}]},"3":{"line":72,"type":"if","locations":[{"start":{"line":72,"column":4},"end":{"line":72,"column":4}},{"start":{"line":72,"column":4},"end":{"line":72,"column":4}}]},"4":{"line":77,"type":"if","locations":[{"start":{"line":77,"column":2},"end":{"line":77,"column":2}},{"start":{"line":77,"column":2},"end":{"line":77,"column":2}}]},"5":{"line":98,"type":"if","locations":[{"start":{"line":98,"column":2},"end":{"line":98,"column":2}},{"start":{"line":98,"column":2},"end":{"line":98,"column":2}}]},"6":{"line":109,"type":"if","locations":[{"start":{"line":109,"column":4},"end":{"line":109,"column":4}},{"start":{"line":109,"column":4},"end":{"line":109,"column":4}}]},"7":{"line":131,"type":"if","locations":[{"start":{"line":131,"column":4},"end":{"line":131,"column":4}},{"start":{"line":131,"column":4},"end":{"line":131,"column":4}}]},"8":{"line":136,"type":"if","locations":[{"start":{"line":136,"column":2},"end":{"line":136,"column":2}},{"start":{"line":136,"column":2},"end":{"line":136,"column":2}}]},"9":{"line":149,"type":"if","locations":[{"start":{"line":149,"column":2},"end":{"line":149,"column":2}},{"start":{"line":149,"column":2},"end":{"line":149,"column":2}}]},"10":{"line":191,"type":"if","locations":[{"start":{"line":191,"column":2},"end":{"line":191,"column":2}},{"start":{"line":191,"column":2},"end":{"line":191,"column":2}}]},"11":{"line":202,"type":"if","locations":[{"start":{"line":202,"column":4},"end":{"line":202,"column":4}},{"start":{"line":202,"column":4},"end":{"line":202,"column":4}}]},"12":{"line":211,"type":"if","locations":[{"start":{"line":211,"column":2},"end":{"line":211,"column":2}},{"start":{"line":211,"column":2},"end":{"line":211,"column":2}}]},"13":{"line":215,"type":"if","locations":[{"start":{"line":215,"column":6},"end":{"line":215,"column":6}},{"start":{"line":215,"column":6},"end":{"line":215,"column":6}}]},"14":{"line":220,"type":"if","locations":[{"start":{"line":220,"column":4},"end":{"line":220,"column":4}},{"start":{"line":220,"column":4},"end":{"line":220,"column":4}}]},"15":{"line":259,"type":"if","locations":[{"start":{"line":259,"column":2},"end":{"line":259,"column":2}},{"start":{"line":259,"column":2},"end":{"line":259,"column":2}}]},"16":{"line":270,"type":"if","locations":[{"start":{"line":270,"column":4},"end":{"line":270,"column":4}},{"start":{"line":270,"column":4},"end":{"line":270,"column":4}}]}},"code":["var express = require('express'),","  fs = require('fs'),","  path = require('path'),","  jf = require('jsonfile'),","  helpers = require('./helpers.js'),","  router = express.Router();","","router.get('/', function(req, res) {","  var allSnippets = [],","    config = req.app.get('styleguideConfig'),","    snippets,","    dataPath,","    index,","    categories = JSON.parse(fs.readFileSync(config.categories)),","    length = categories.length;","","  for (index = 0; index < length; index++) {","    dataPath = path.join(config.database, categories[index].name + config.extension);","","    snippets = jf.readFileSync(dataPath);","    snippets = snippets.map(helpers.mapCategory, index);","    snippets = snippets.filter(helpers.filterOutDeleted);","    allSnippets = allSnippets.concat(snippets);","  }","  res.json(allSnippets);","});","","router.get('/duplicates', function(req, res) {","  var allSnippets = [],","    config = req.app.get('styleguideConfig'),","    found = false,","    dataPath,","    snippets,","    index,","    categories = JSON.parse(fs.readFileSync(config.categories)),","    length = categories.length;","","  for (index = 0; index < length; index++) {","    dataPath = path.join(config.database, categories[index].name + config.extension);","","    snippets = jf.readFileSync(dataPath);","    snippets = snippets.map(helpers.mapCategory, index);","    snippets = snippets.filter(helpers.filterOutDeleted);","    allSnippets = allSnippets.concat(snippets);","  }","","  allSnippets.sort(helpers.duplicateComparator);","","  for (index = 0, length = allSnippets.length - 1; index < length; index++) {","    if (allSnippets[index].id == allSnippets[index + 1].id) {","      res.json([allSnippets[index], allSnippets[index + 1]]);","      found = true;","      break;","    }","  }","","  if (!found) {","    res.json(found);","  }","});","","router.get('/category/:id', function(req, res) {","  var catId = Number(req.params.id),","    config = req.app.get('styleguideConfig'),","    dataPath,","    snippets,","    index,","    categories = JSON.parse(fs.readFileSync(config.categories)),","    length = categories.length;","","  for (index = 0; index < length; index++) {","    if (categories[index].id == catId) {","      dataPath = path.join(config.database, categories[index].name + config.extension);","    }","  }","","  if (!dataPath) {","    res.json('Category with id: ' + catId + 'not found.');","    return;","  }","","  snippets = jf.readFileSync(dataPath);","  snippets = snippets.filter(helpers.filterOutDeleted);","","  res.json(snippets);","});","","","router.get('/:id', function(req, res) {","  var config = req.app.get('styleguideConfig'),","    uniques = jf.readFileSync(config.uniques),","    id = Number(req.params.id),","    snippets,","    dataPath,","    desireableSnippet,","    categories = JSON.parse(fs.readFileSync(config.categories));","","  if (uniques.indexOf(id) === -1) {","    res.json(false);","    return;","  }","","  for (var i = 0, length = categories.length; i < length; i++) {","    dataPath = path.join(config.database, categories[i].name + config.extension);","    snippets = jf.readFileSync(dataPath);","","    desireableSnippet = snippets.filter(helpers.filterOutById, id)[0];","","    if (desireableSnippet) {","      desireableSnippet.category = i;","      break;","    }","  }","","  res.json(desireableSnippet);","});","","","router.post('/', function(req, res) {","  var config = req.app.get('styleguideConfig'),","    uniques = jf.readFileSync(config.uniques),","    dataPath,","    dataStore,","    id,","    newSnippet,","    index,","    categories = JSON.parse(fs.readFileSync(config.categories)),","    length = categories.length;","","  for (index = 0; index < length; index++) {","    if (categories[index].id === Number(req.body.category)) {","      dataPath = path.join(config.database, categories[index].name + config.extension);","    }","  }","","  if (!dataPath) {","    res.json('Category with id: ' + req.body.category + ' not found.');","    return;","  }","","  dataStore = jf.readFileSync(dataPath);","","  function sortNumber(a, b) {","    return a - b;","  }","","  uniques.sort(sortNumber);","","  if (uniques.length) {","    id = uniques[uniques.length - 1] + 1;","  } else {","    id = 1;","  }","","  newSnippet = {","    id: id,","    name: req.body.name,","    code: req.body.code,","    description: req.body.description,","    inlineCss: req.body.inlineCss,","    includeJs: req.body.includeJs,","    isEdited: false,","    isDeleted: false","  };","","  dataStore.push(newSnippet);","  uniques.push(id);","","  jf.writeFileSync(dataPath, dataStore);","  jf.writeFileSync(config.uniques, uniques);","","  newSnippet.category = Number(req.body.category);","  res.json(newSnippet);","});","","","router.put('/:id', function(req, res) {","  var config = req.app.get('styleguideConfig'),","    uniques = jf.readFileSync(config.uniques),","    id = Number(req.params.id),","    snippets,","    category,","    dataPath,","    index,","    categories = JSON.parse(fs.readFileSync(config.categories)),","    length = categories.length,","    newCategory = Number(req.body.category),","    desireableSnippet,","    modifiedSnippet;","","  if (uniques.indexOf(id) === -1) {","    res.json(false);","    return;","  }","","  for (index = 0; index < length; index++) {","    dataPath = path.join(config.database, categories[index].name + config.extension);","    snippets = jf.readFileSync(dataPath);","","    desireableSnippet = snippets.filter(helpers.filterOutById, id)[0];","","    if (desireableSnippet) {","      category = index;","      break;","    }","  }","","  index = snippets.indexOf(desireableSnippet);","  snippets.splice(index, 1);","","  if (newCategory !== Number(category)) {","    jf.writeFileSync(dataPath, snippets);","","    for (index = 0; index < length; index++) {","      if (categories[index].id == newCategory) {","        dataPath = path.join(config.database, categories[index].name + config.extension);","      }","    }","","    if (!dataPath) {","      res.json('Category with id: ' + newCategory + 'not found.');","      return;","    }","","    snippets = jf.readFileSync(dataPath);","  }","","  modifiedSnippet = {","    id: id,","    name: req.body.name,","    code: req.body.code,","    description: req.body.description,","    inlineCss: req.body.inlineCss,","    includeJs: req.body.includeJs,","    isEdited: true,","    isDeleted: false","  };","","  snippets.push(modifiedSnippet);","  jf.writeFileSync(dataPath, snippets);","","  modifiedSnippet.category = newCategory;","  res.json(modifiedSnippet);",
[...]
,"29":0,"30":0,"31":1,"32":0,"33":0,"34":0,"35":0,"36":0,"37":0,"38":0,"39":0,"40":0,"41":0,"42":0,"43":0,"44":0,"45":0,"46":0,"47":0,"48":0,"49":0,"50":0,"51":0,"52":0,"53":0,"54":0,"55":0,"56":0,"57":0,"58":0,"59":0,"60":0,"61":0,"62":0,"63":0,"64":0,"65":0,"66":0,"67":0,"68":0,"69":0,"70":0,"71":0,"72":0,"73":0,"74":0,"75":0,"76":0,"77":0,"78":0,"79":0},"b":{"1":[0,0],"2":[0,0],"3":[0,0],"4":[0,0],"5":[0,0],"6":[0,0],"7":[0,0],"8":[0,0],"9":[0,0],"10":[0,0],"11":[0,0],"12":[0,0],"13":[0,0],"14":[0,0],"15":[0,0],"16":[0,0],"17":[0,0],"18":[0,0],"19":[0,0]},"f":{"1":0,"2":0,"3":0,"4":0,"5":0,"6":0,"7":0,"8":0,"9":0,"10":0},"fnMap":{"1":{"name":"(anonymous_1)","line":10,"loc":{"start":{"line":10,"column":18},"end":{"line":10,"column":56}}},"2":{"name":"(anonymous_2)","line":32,"loc":{"start":{"line":32,"column":23},"end":{"line":32,"column":48}}},"3":{"name":"(anonymous_3)","line":36,"loc":{"start":{"line":36,"column":14},"end":{"line":36,"column":46}}},"4":{"name":"(anonymous_4)","line":53,"loc":{"start":{"line":53,"column":31},"end":{"line":53,"column":64}}},"5":{"name":"(anonymous_5)","line":92,"loc":{"start":{"line":92,"column":27},"end":{"line":92,"column":83}}},"6":{"name":"(anonymous_6)","line":125,"loc":{"start":{"line":125,"column":25},"end":{"line":125,"column":94}}},"7":{"name":"(anonymous_7)","line":168,"loc":{"start":{"line":168,"column":26},"end":{"line":168,"column":52}}},"8":{"name":"(anonymous_8)","line":169,"loc":{"start":{"line":169,"column":11},"end":{"line":169,"column":24}}},"9":{"name":"(anonymous_9)","line":170,"loc":{"start":{"line":170,"column":38},"end":{"line":170,"column":67}}},"10":{"name":"(anonymous_10)","line":186,"loc":{"start":{"line":186,"column":29},"end":{"line":186,"column":50}}}},"statementMap":{"1":{"start":{"line":1,"column":0},"end":{"line":8,"column":32}},"2":{"start":{"line":10,"column":0},"end":{"line":30,"column":2}},"3":{"start":{"line":11,"column":2},"end":{"line":15,"column":38}},"4":{"start":{"line":16,"column":2},"end":{"line":29,"column":3}},"5":{"start":{"line":17,"column":4},"end":{"line":17,"column":92}},"6":{"start":{"line":18,"column":4},"end":{"line":20,"column":13}},"7":{"start":{"line":21,"column":4},"end":{"line":21,"column":77}},"8":{"start":{"line":22,"column":4},"end":{"line":28,"column":5}},"9":{"start":{"line":23,"column":6},"end":{"line":26,"column":9}},"10":{"start":{"line":27,"column":6},"end":{"line":27,"column":12}},"11":{"start":{"line":32,"column":0},"end":{"line":51,"column":2}},"12":{"start":{"line":33,"column":2},"end":{"line":46,"column":6}},"13":{"start":{"line":37,"column":6},"end":{"line":37,"column":42}},"14":{"start":{"line":38,"column":6},"end":{"line":42,"column":8}},"15":{"start":{"line":43,"column":6},"end":{"line":45,"column":7}},"16":{"start":{"line":44,"column":8},"end":{"line":44,"column":26}},"17":{"start":{"line":48,"column":2},"end":{"line":50,"column":3}},"18":{"start":{"line":49,"column":4},"end":{"line":49,"column":30}},"19":{"start":{"line":53,"column":0},"end":{"line":90,"column":2}},"20":{"start":{"line":55,"column":2},"end":{"line":64,"column":15}},"21":{"start":{"line":66,"column":2},"end":{"line":66,"column":23}},"22":{"start":{"line":67,"column":2},"end":{"line":70,"column":3}},"23":{"start":{"line":68,"column":4},"end":{"line":68,"column":40}},"24":{"start":{"line":69,"column":4},"end":{"line":69,"column":63}},"25":{"start":{"line":72,"column":2},"end":{"line":75,"column":3}},"26":{"start":{"line":73,"column":4},"end":{"line":73,"column":66}},"27":{"start":{"line":74,"column":4},"end":{"line":74,"column":17}},"28":{"start":{"line":77,"column":2},"end":{"line":86,"column":4}},"29":{"start":{"line":88,"column":2},"end":{"line":88,"column":103}},"30":{"start":{"line":89,"column":2},"end":{"line":89,"column":20}},"31":{"start":{"line":92,"column":0},"end":{"line":190,"column":2}},"32":{"start":{"line":93,"column":2},"end":{"line":105,"column":38}},"33":{"start":{"line":107,"column":2},"end":{"line":112,"column":3}},"34":{"start":{"line":108,"column":4},"end":{"line":111,"column":5}},"35":{"start":{"line":109,"column":6},"end":{"line":109,"column":94}},"36":{"start":{"line":110,"column":6},"end":{"line":110,"column":12}},"37":{"start":{"line":114,"column":2},"end":{"line":117,"column":3}},"38":{"start":{"line":115,"column":4},"end":{"line":115,"column":65}},"39":{"start":{"line":116,"column":4},"end":{"line":116,"column":17}},"40":{"start":{"line":119,"column":2},"end":{"line":121,"column":11}},"41":{"start":{"line":123,"column":2},"end":{"line":123,"column":31}},"42":{"start":{"line":125,"column":2},"end":{"line":166,"column":4}},"43":{"start":{"line":126,"column":4},"end":{"line":165,"column":5}},"44":{"start":{"line":127,"column":6},"end":{"line":160,"column":7}},"45":{"start":{"line":128,"column":8},"end":{"line":132,"column":9}},"46":{"start":{"line":129,"column":10},"end":{"line":131,"column":11}},"47":{"start":{"line":130,"column":12},"end":{"line":130,"column":18}},"48":{"start":{"line":133,"column":8},"end":{"line":133,"column":41}},"49":{"start":{"line":134,"column":8},"end":{"line":134,"column":42}},"50":{"start":{"line":135,"column":8},"end":{"line":137,"column":9}},"51":{"start":{"line":136,"column":10},"end":{"line":136,"column":53}},"52":{"start":{"line":139,"column":8},"end":{"line":144,"column":9}},"53":{"start":{"line":140,"column":10},"end":{"line":143,"column":11}},"54":{"start":{"line":141,"column":12},"end":{"line":141,"column":113}},"55":{"start":{"line":142,"column":12},"end":{"line":142,"column":18}},"56":{"start":{"line":146,"column":8},"end":{"line":148,"column":17}},"57":{"start":{"line":150,"column":8},"end":{"line":154,"column":9}},"58":{"start":{"line":151,"column":10},"end":{"line":153,"column":11}},"59":{"start":{"line":152,"column":12},"end":{"line":152,"column":18}},"60":{"start":{"line":155,"column":8},"end":{"line":155,"column":46}},"61":{"start":{"line":156,"column":8},"end":{"line":156,"column":42}},"62":{"start":{"line":157,"column":8},"end":{"line":157,"column":51}},"63":{"start":{"line":159,"column":8},"end":{"line":159,"column":58}},"64":{"start":{"line":161,"column":6},"end":{"line":161,"column":11}},"65":{"start":{"line":163,"column":6},"end":{"line":163,"column":85}},"66":{"start":{"line":164,"column":6},"end":{"line":164,"column":11}},"67":{"start":{"line":168,"column":2},"end":{"line":174,"column":4}},"68":{"start":{"line":169,"column":4},"end":{"line":173,"column":6}},"69":{"start":{"line":170,"column":6},"end":{"line":172,"column":17}},"70":{"start":{"line":171,"column":8},"end":{"line":171,"column":87}},"71":{"start":{"line":176,"column":2},"end":{"line":184,"column":3}},"72":{"start":{"line":177,"column":4},"end":{"line":183,"column":5}},"73":{"start":{"line":178,"column":6},"end":{"line":178,"column":38}},"74":{"start":{"line":179,"column":6},"end":{"line":179,"column":37}},"75":{"start":{"line":180,"column":6},"end":{"line":180,"column":23}},"76":{"start":{"line":182,"column":6},"end":{"line":182,"column":57}},"77":{"start":{"line":186,"column":2},"end":{"line":189,"column":5}},"78":{"start":{"line":187,"column":4},"end":{"line":187,"column":46}},"79":{"start":{"line":188,"column":4},"end":{"line":188,"column":42}}},"branchMap":{"1":{"line":18,"type":"binary-expr","locations":[{"start":{"line":18,"column":15},"end":{"line":20,"column":6}},{"start":{"line":20,"column":10},"end":{"line":20,"column":12}}]},"2":{"line":22,"type":"if","locations":[{"start":{"line":22,"column":4},"end":{"line":22,"column":4}},{"start":{"line":22,"column":4},"end":{"line":22,"column":4}}]},"3":{"line":43,"type":"if","locations":[{"start":{"line":43,"column":6},"end":{"line":43,"column":6}},{"start":{"line":43,"column":6},"end":{"line":43,"column":6}}]},"4":{"line":67,"type":"if","locations":[{"start":{"line":67,"column":2},"end":{"line":67,"column":2}},{"start":{"line":67,"column":2},"end":{"line":67,"column":2}}]},"5":{"line":69,"type":"cond-expr","locations":[{"start":{"line":69,"column":35},"end":{"line":69,"column":58}},{"start":{"line":69,"column":61},"end":{"line":69,"column":62}}]},"6":{"line":72,"type":"if","locations":[{"start":{"line":72,"column":2},"end":{"line":72,"column":2}},{"start":{"line":72,"column":2},"end":{"line":72,"column":2}}]},"7":{"line":83,"type":"cond-expr","locations":[{"start":{"line":83,"column":27},"end":{"line":83,"column":31}},{"start":{"line":83,"column":34},"end":{"line":83,"column":39}}]},"8":{"line":88,"type":"cond-expr","locations":[{"start":{"line":88,"column":48},"end":{"line":88,"column":87}},{"start":{"line":88,"column":90},"end":{"line":88,"column":102}}]},"9":{"line":108,"type":"if","locations":[{"start":{"line":108,"column":4},"end":{"line":108,"column":4}},{"start":{"line":108,"column":4},"end":{"line":108,"column":4}}]},"10":{"line":114,"type":"if","locations":[{"start":{"line":114,"column":2},"end":{"line":114,"column":2}},{"start":{"line":114,"column":2},"end":{"line":114,"column":2}}]},"11":{"line":119,"type":"binary-expr","locations":[{"start":{"line":119,"column":14},"end":{"line":121,"column":4}},{"start":{"line":121,"column":8},"end":{"line":121,"column":10}}]},"12":{"line":126,"type":"if","locations":[{"start":{"line":126,"column":4},"end":{"line":126,"column":4}},{"start":{"line":126,"column":4},"end":{"line":126,"column":4}}]},"13":{"line":127,"type":"if","locations":[{"start":{"line":127,"column":6},"end":{"line":127,"column":6}},{"start":{"line":127,"column":6},"end":{"line":127,"column":6}}]},"14":{"line":129,"type":"if","locations":[{"start":{"line":129,"column":10},"end":{"line":129,"column":10}},{"start":{"line":129,"column":10},"end":{"line":129,"column":10}}]},"15":{"line":135,"type":"if","locations":[{"start":{"line":135,"column":8},"end":{"line":135,"column":8}},{"start":{"line":135,"column":8},"end":{"line":135,"column":8}}]},"16":{"line":140,"type":"if","locations":[{"start":{"line":140,"column":10},"end":{"line":140,"column":10}},{"start":{"line":140,"column":10},"end":{"line":140,"column":10}}]},"17":{"line":146,"type":"binary-expr","locations":[{"start":{"line":146,"column":25},"end":{"line":148,"column":10}},{"start":{"line":148,"column":14},"end":{"line":148,"column":16}}]},"18":{"line":151,"type":"if","locations":[{"start":{"line":151,"column":10},"end":{"line":151,"column":10}},{"start":{"line":151,"column":10},"end":{"line":151,"column":10}}]},"19":{"line":177,"type":"if","locations":[{"start":{"line":177,"column":4},"end":{"line":177,"column":4}},{"start":{"line":177,"column":4},"end":{"line":177,"column":4}}]}},"code":["var request = require('request'),","  path = require('path'),","  jf = require('jsonfile'),","  async = require('async'),","  helpers = require('./helpers.js'),","  fs = require('fs'),","","  exports = module.exports = {};","","var findSnippet = function(snippetId, callback, config) {","  var dataPath,","    snippets,","    desireableSnippet,","    index,","    length = config.categories.length;","  for (index = 0; index < length; index++) {","    dataPath = path.join(config.database, config.categories[index].name + config.extension);","    snippets = jf.readFileSync(dataPath, {","      throws: false","    }) || [];","    desireableSnippet = snippets.filter(helpers.filterOutById, snippetId)[0];","    if (desireableSnippet) {","      callback({","        snippet: desireableSnippet,","        category: index","      });","      break;","    }","  }","};","","exports.requestPages = function(urls, callback) {","  var results = {},","    t = urls.length,","    c = 0,","    handler = function(error, response, body) {","      var url = response.request.uri.href;","      results[url] = {","        error: error,","        response: response,","        body: body","      };","      if (++c === urls.length) {","        callback(results);","      }","    };","","  while (t--) {","    request(urls[t], handler);","  }","};","","exports.buildSnippetFromHtml = function(filteredHTml, snippets) {","  //matches <!-- snippet:start 5:6 --> in string. only to take dom marker.","  var domMarker = filteredHTml.match(/<!-- snippet:start [\\d\\D]*? -->/gi)[0],","    //matches if there is include-js in domMarker","    includeJs = domMarker.match(/include-js/i),","    //matches all numbers, that are in domMarker (first will be snippet id, second if exists - category id)","    extractedIds = domMarker.match(/[\\d]+/g),","    //matches from first > to <!, including >. Used to trim off dom markers from html.","    code = filteredHTml.match(/(?=>)[\\d\\D]*?(?=<!)/gi)[0],","    snippetId,","    categoryId,","    newSnippet;","","  code = code.slice(1);","  if (extractedIds) {","    snippetId = Number(extractedIds[0]);","    categoryId = extractedIds[1] ? Number(extractedIds[1]) : 0;","  }","","  if (!snippetId) {","    console.log('Snippet ID is not defined! In: ' + filteredHTml);","    return false;","  }","","  newSnippet = {","    id: snippetId,","    name: '',","    code: code.trim(),","    description: '',","    inlineCss: '#snippet { \\n  \\n}',","    includeJs: includeJs ? true : false,","    isEdited: false,","    isDeleted: false","  };","","  snippets[categoryId] = snippets[categoryId] ? snippets[categoryId].concat(newSnippet) : [newSnippet];","  return newSnippet;","};","","exports.writeOutSnippets = function(snippets, category, uniques, callback, config) {","  var dataPath,","    snippet,","    dataStore,","    index,","    nestedIndex,","    nestedLen,","    oldCategoryPath,","    oldCatSnippets,","    foundSnippetCallback,","    asyncTasks = [],","    changedSnippets = [],","    newSnippsFound = 0,","    length = config.categories.length;","","  for (index = 0; index < length; index++) {","    if (config.categories[index].id === Number(category)) {","      dataPath = path.join(config.database, config.categories[index].name + config.extension);","      break;","    }","  }","","  if (!dataPath) {","    console.log('Category with id: ' + category + ' not found.');","    return false;","  }","","  dataStore = jf.readFileSync(dataPath, {","    throws: false","  }) || [];","","  snippet = snippets[category];","","  foundSnippetCallback = function(snippetAndCategory, changedSnippets, snippetToWriteOut, cb) {","    if (!snippetAndCategory.snippet.isEdited) {","      if (snippetAndCategory.category == category) {","        for (nestedIndex = 0, nestedLen = dataStore.length; nestedIndex < nestedLen; nestedIndex++) {","          if (dataStore[nestedIndex].id == snippetAndCategory.snippet.id) {","            break;","          }","        }","        dataStore.splice(nestedIndex, 1);","        dataStore.push(snippetToWriteOut);","        if (snippetAndCategory.snippet.code.localeCompare(snippetToWriteOut.code) !== 0) {","          changedSnippets.push(snippetToWriteOut.id);","        }","      } else {","        for (nestedIndex = 0, nestedLen = config.categories.length; nestedIndex < nestedLen; nestedIndex++) {","          if (config.categories[nestedIndex].id == snippetAndCategory.category) {","            oldCategoryPath = path.join(config.database, config.categories[nestedIndex].name + config.extension);","            break;","          }","        }","","        oldCatSnippets = jf.readFileSync(oldCategoryPath, {","          throws: false","        }) || [];","","        for (nestedIndex = 0, nestedLen = oldCatSnippets.length; nestedIndex < nestedLen; nestedIndex++) {","          if (oldCatSnippets[nestedIndex].id == snippetAndCategory.snippet.id) {","            break;","          }","        }","        oldCatSnippets.splice(nestedIndex, 1);","        dataStore.push(snippetToWriteOut);","        changedSnippets.push(snippetToWriteOut.id);","","        jf.writeFileSync(oldCategoryPath, oldCatSnippets);","      }","      cb();","    } else {","      console.log('Snippet was edited from UI. Snippet ID: ' + snippetToWriteOut.id);","      cb();","    }","  };","","  var createFuncContext = function(snippetToSearch) {","    return function(cb) {","      findSnippet(snippetToSearch.id, function(snippetAndCategory) {","        foundSnippetCallback(snippetAndCategory, changedSnippets, snippetToSearch, cb);","      }, config);","    };","  };","","  for (index = 0, length = snippet.length; index < length; index++) {","    if (uniques.indexOf(snippet[index].id) === -1) {","      uniques.push(snippet[index].id);","      dataStore.push(snippet[index]);","      newSnippsFound++;","    } else {","      asyncTasks.push(createFuncContext(snippet[index]));","    }","  }","","  async.parallel(asyncTasks, function(err, stuff) {","    callback(changedSnippets, newSnippsFound);","    jf.writeFileSync(dataPath, dataStore);","  });","};"],"l":{"1":1,"10":1,"11":0,"16":0,"17":0,"18":0,"21":0,"22":0,"23":0,"27":0,"32":1,"33":0,"37":0,"38":0,"43":0,"44":0,"48":0,"49":0,"53":1,"55":0,"66":0,"67":0,"68":0,"69":0,"72":0,"73":0,"74":0,"77":0,"88":0,"89":0,"92":1,"93":0,"107":0,"108":0,"109":0,"110":0,"114":0,"115":0,"116":0,"119":0,"123":0,"125":0,"126":0,"127":0,"128":0,"129":0,"130":0,"133":0,"134":0,"135":0,"136":0,"139":0,"140":0,"141":0,"142":0,"146":0,"150":0,"151":0,"152":0,"155":0,"156":0,"157":0,"159":0,"161":0,"163":0,"164":0,"168":0,"169":0,"170":0,"171":0,"176":0,"177":0,"178":0,"179":0,"180":0,"182":0,"186":0,"187":0,"188":0}},"/home/travis/build/npmtest/node-npmtest-devbridge-styleguide/node_modules/devbridge-styleguide/gulpfile.js":{"path":"/home/travis/build/npmtest/node-npmtest-devbridge-styleguide/node_modules/devbridge-styleguide/gulpfile.js","s":{"1":2,"2":0,"3":0,"4":0,"5":0,"6":0,"7":0,"8":0,"9":0,"10":0,"11":0,"12":0},"b":{},"f":{"1":0,"2":0,"3":0,"4":0},"fnMap":{"1":{"name":"(anonymous_1)","line":6,"loc":{"start":{"line":6,"column":18},"end":{"line":6,"column":30}}},"2":{"name":"(anonymous_2)","line":19,"loc":{"start":{"line":19,"column":20},"end":{"line":19,"column":32}}},"3":{"name":"(anonymous_3)","line":26,"loc":{"start":{"line":26,"column":31},"end":{"line":26,"column":50}}},"4":{"name":"(anonymous_4)","line":30,"loc":{"start":{"line":30,"column":19},"end":{"line":30,"column":31}}}},"statementMap":{"1":{"start":{"line":1,"column":0},"end":{"line":1,"column":27}},"2":{"start":{"line":2,"column":0},"end":{"line":2,"column":32}},"3":{"start":{"line":3,"column":0},"end":{"line":3,"column":36}},"4":{"start":{"line":4,"column":0},"end":{"line":4,"column":48}},"5":{"start":{"line":6,"column":0},"end":{"line":17,"column":3}},"6":{"start":{"line":7,"column":4},"end":{"line":16,"column":55}},"7":{"start":{"line":19,"column":0},"end":{"line":24,"column":3}},"8":{"start":{"line":20,"column":4},"end":{"line":23,"column":12}},"9":{"start":{"line":26,"column":0},"end":{"line":28,"column":3}},"10":{"start":{"line":27,"column":4},"end":{"line":27,"column":30}},"11":{"start":{"line":30,"column":0},"end":{"line":32,"column":3}},"12":{"start":{"line":31,"column":4},"end":{"line":31,"column":91}}},"branchMap":{},"code":["var gulp = require('gulp');","var sass = require('gulp-sass');","var sassvg = require('gulp-sassvg');","var autoprefixer = require('gulp-autoprefixer');","","gulp.task('sass', function () {","    return gulp.src('./templates/scss/main.scss')","        .pipe(sass({","            outputStyle: 'compressed',","            includePaths: require('node-bourbon').includePaths","        }).on('error', sass.logError))","        .pipe(autoprefixer({","            browsers: ['last 2 versions']","        }))","        .pipe(gulp.dest('./templates/content'))","        .pipe(gulp.dest('./_demo/styleguide/content'));","});","","gulp.task('sassvg', function () {","    return gulp.src('./templates/content/icons/**/*.svg')","        .pipe(sassvg({","            outputFolder: './templates/scss/icons'","        }));","});","","gulp.task('icons', ['sassvg'], function(callback) {","    return gulp.start('sass');","});","","gulp.task('watch', function () {","    gulp.watch(['./templates/scss/**/*.scss', '!./templates/scss/icons/*.scss'], ['sass']);","});",""],"l":{"1":2,"2":0,"3":0,"4":0,"6":0,"7":0,"19":0,"20":0,"26":0,"27":0,"30":0,"31":0}}}